2024-07-29 19:49:21,793 [INFO] Activator:176 - 


2024-07-29 19:49:21,798 [INFO] Activator:177 - !SESSION log4j initialized
2024-07-29 19:49:24,504 [INFO] LogOutputStream:77 - [STDOUT_REDIRECT] Working directory: /opt/st/stm32cubeide_1.15.1/../../../home/juanma/.eclipse/com.st.stm32cube.ide.mcu.rcp.product_1.15.1_139064214_linux_gtk_x86_64/plugins/com.genuitec.copilot4eclipse_1.2.1.202406240349/agent/dist
2024-07-29 19:49:25,027 [INFO] LogOutputStream:77 - [STDOUT_REDIRECT] 
2024-07-29 19:49:27,018 [INFO] ApplicationProperties:184 - Using Application install path: /opt/st/stm32cubeide_1.15.1/plugins/com.st.stm32cube.common.mx_6.11.1.202404110753
2024-07-29 19:49:27,036 [INFO] DbMcusXml:78 - Set database path to: /opt/st/stm32cubeide_1.15.1/plugins/com.st.stm32cube.common.mx_6.11.1.202404110753//db//mcu/
2024-07-29 19:49:27,036 [INFO] ApiDb:274 - Set plugin database path to: /opt/st/stm32cubeide_1.15.1/plugins/com.st.stm32cube.common.mx_6.11.1.202404110753//db//plugins/boardmanager/
2024-07-29 19:49:27,036 [WARN] ApiDb:259 - Overriding images path with different value:  => /opt/st/stm32cubeide_1.15.1/plugins/com.st.stm32cube.common.mx_6.11.1.202404110753//db//plugins/mcufinder/images/
2024-07-29 19:49:27,044 [INFO] ApiDb:250 - Set database path to: /home/juanma/.stmcufinder/plugins/mcufinder//mcu/
2024-07-29 19:49:27,045 [INFO] DbMcusAds:125 - Set database path to: /home/juanma/.stmcufinder/plugins/mcufinder//mcu/
2024-07-29 19:49:27,048 [INFO] CrossReferenceDbSqlite:203 - Set database path to: /home/juanma/.stmcufinder/plugins/mcufinder//mcu/cs/
2024-07-29 19:49:27,137 [INFO] RulesReader:64 - Compatibility file has been processed (297 Rules)
2024-07-29 19:49:27,199 [INFO] DbMcusXml:78 - Set database path to: /opt/st/stm32cubeide_1.15.1/plugins/com.st.stm32cube.common.mx_6.11.1.202404110753//db//mcu/
2024-07-29 19:49:27,199 [INFO] ApiDb:274 - Set plugin database path to: /opt/st/stm32cubeide_1.15.1/plugins/com.st.stm32cube.common.mx_6.11.1.202404110753//db//plugins/boardmanager/
2024-07-29 19:49:27,199 [INFO] ApiDb:261 - Set plugin images path to: /opt/st/stm32cubeide_1.15.1/plugins/com.st.stm32cube.common.mx_6.11.1.202404110753//db//plugins/mcufinder/images/
2024-07-29 19:49:27,200 [WARN] DbFile:41 - Overriding database path with different value: /home/juanma/.stmcufinder/plugins/mcufinder/ => /home/juanma/.stmcufinder/plugins/mcufinder
2024-07-29 19:49:27,200 [INFO] ApiDb:250 - Set database path to: /home/juanma/.stmcufinder/plugins/mcufinder//mcu/
2024-07-29 19:49:27,200 [WARN] DbFile:41 - Overriding database path with different value: /home/juanma/.stmcufinder/plugins/mcufinder/ => /home/juanma/.stmcufinder/plugins/mcufinder
2024-07-29 19:49:27,200 [INFO] DbMcusAds:125 - Set database path to: /home/juanma/.stmcufinder/plugins/mcufinder//mcu/
2024-07-29 19:49:27,200 [WARN] DbFile:41 - Overriding database path with different value: /home/juanma/.stmcufinder/plugins/mcufinder/ => /home/juanma/.stmcufinder/plugins/mcufinder
2024-07-29 19:49:27,200 [WARN] DbFile:41 - Overriding database path with different value: /home/juanma/.stmcufinder/plugins/mcufinder/ => /home/juanma/.stmcufinder/plugins/mcufinder
2024-07-29 19:49:27,200 [INFO] CrossReferenceDbSqlite:203 - Set database path to: /home/juanma/.stmcufinder/plugins/mcufinder//mcu/cs/
2024-07-29 19:49:27,263 [INFO] MainPanel:264 - HeapMemory: 268435456
2024-07-29 19:49:27,334 [INFO] DbMcusXml:78 - Set database path to: /opt/st/stm32cubeide_1.15.1/plugins/com.st.stm32cube.common.mx_6.11.1.202404110753//db//mcu/
2024-07-29 19:49:27,334 [INFO] ApiDb:274 - Set plugin database path to: /opt/st/stm32cubeide_1.15.1/plugins/com.st.stm32cube.common.mx_6.11.1.202404110753//db//plugins/boardmanager/
2024-07-29 19:49:27,335 [INFO] ApiDb:261 - Set plugin images path to: /opt/st/stm32cubeide_1.15.1/plugins/com.st.stm32cube.common.mx_6.11.1.202404110753//db//plugins/mcufinder/images/
2024-07-29 19:49:27,335 [WARN] DbFile:41 - Overriding database path with different value: /home/juanma/.stmcufinder/plugins/mcufinder/ => /home/juanma/.stmcufinder/plugins/mcufinder
2024-07-29 19:49:27,335 [INFO] ApiDb:250 - Set database path to: /home/juanma/.stmcufinder/plugins/mcufinder//mcu/
2024-07-29 19:49:27,335 [WARN] DbFile:41 - Overriding database path with different value: /home/juanma/.stmcufinder/plugins/mcufinder/ => /home/juanma/.stmcufinder/plugins/mcufinder
2024-07-29 19:49:27,335 [INFO] DbMcusAds:125 - Set database path to: /home/juanma/.stmcufinder/plugins/mcufinder//mcu/
2024-07-29 19:49:27,335 [WARN] DbFile:41 - Overriding database path with different value: /home/juanma/.stmcufinder/plugins/mcufinder/ => /home/juanma/.stmcufinder/plugins/mcufinder
2024-07-29 19:49:27,335 [WARN] DbFile:41 - Overriding database path with different value: /home/juanma/.stmcufinder/plugins/mcufinder/ => /home/juanma/.stmcufinder/plugins/mcufinder
2024-07-29 19:49:27,335 [INFO] CrossReferenceDbSqlite:203 - Set database path to: /home/juanma/.stmcufinder/plugins/mcufinder//mcu/cs/
2024-07-29 19:49:27,349 [INFO] ApplicationProperties:184 - Using Application install path: /opt/st/stm32cubeide_1.15.1/plugins/com.st.stm32cube.common.mx_6.11.1.202404110753
2024-07-29 19:49:27,350 [INFO] PluginManage:196 - Search for loadable plugins [exclusion list=, ]
2024-07-29 19:49:27,351 [INFO] PluginManage:310 - Check plugin analytics
2024-07-29 19:49:27,506 [INFO] AnalyticsPlugin:253 - Accepted Software Licenses: 
2024-07-29 19:49:27,506 [INFO] AnalyticsPlugin:255 - Accepted CMSIS Pack Licenses: 
2024-07-29 19:49:27,506 [INFO] AnalyticsPlugin:257 - Accepted Firmware Licenses: 
2024-07-29 19:49:27,511 [INFO] PluginManage:359 - Loaded plugin analytics (category:tool,tabindex:-1)
2024-07-29 19:49:27,512 [INFO] PluginManage:310 - Check plugin cadmodel
2024-07-29 19:49:27,553 [INFO] CADModel:105 - Init CAD model plugin
2024-07-29 19:49:27,553 [INFO] PluginManage:359 - Loaded plugin cadmodel (category:power,tabindex:5)
2024-07-29 19:49:27,553 [INFO] PluginManage:310 - Check plugin clock
2024-07-29 19:49:27,569 [INFO] PluginManage:359 - Loaded plugin clock (category:base,tabindex:2)
2024-07-29 19:49:27,569 [INFO] PluginManage:310 - Check plugin ddr
2024-07-29 19:49:27,571 [INFO] PluginManage:359 - Loaded plugin ddr (category:tool,tabindex:6)
2024-07-29 19:49:27,571 [INFO] PluginManage:310 - Check plugin filemanager
2024-07-29 19:49:27,695 [INFO] PluginManage:359 - Loaded plugin filemanager (category:base,tabindex:10)
2024-07-29 19:49:27,695 [INFO] PluginManage:310 - Check plugin ipmanager
2024-07-29 19:49:27,699 [INFO] PluginManage:359 - Loaded plugin ipmanager (category:base,tabindex:5)
2024-07-29 19:49:27,700 [INFO] PluginManage:310 - Check plugin lpbam
2024-07-29 19:49:27,707 [INFO] PluginManage:359 - Loaded plugin lpbam (category:base,tabindex:0)
2024-07-29 19:49:27,708 [INFO] PluginManage:310 - Check plugin memorymap
2024-07-29 19:49:27,717 [INFO] PluginManage:359 - Loaded plugin memorymap (category:base,tabindex:4)
2024-07-29 19:49:27,717 [INFO] PluginManage:310 - Check plugin pinoutandconfiguration
2024-07-29 19:49:27,724 [INFO] PluginManage:359 - Loaded plugin pinoutandconfiguration (category:base,tabindex:1)
2024-07-29 19:49:27,724 [INFO] PluginManage:310 - Check plugin pinoutconfig
2024-07-29 19:49:27,794 [WARN] SupportedApi:132 - Cannot load RTOS API schema: s4s-elt-must-match.1: The content of 'definitions' must match (annotation?, (simpleType | complexType)?, (unique | key | keyref)*)). A problem was found starting at: attribute.
2024-07-29 19:49:27,911 [INFO] PluginManage:359 - Loaded plugin pinoutconfig (category:base,tabindex:0)
2024-07-29 19:49:27,912 [INFO] PluginManage:310 - Check plugin power
2024-07-29 19:49:27,921 [INFO] PluginManage:359 - Loaded plugin power (category:power,tabindex:4)
2024-07-29 19:49:27,922 [INFO] PluginManage:310 - Check plugin projectmanager
2024-07-29 19:49:27,937 [INFO] PluginManage:359 - Loaded plugin projectmanager (category:projectmanager,tabindex:3)
2024-07-29 19:49:27,937 [INFO] PluginManage:310 - Check plugin thirdparty
2024-07-29 19:49:28,116 [INFO] PluginManage:359 - Loaded plugin thirdparty (category:base,tabindex:-1)
2024-07-29 19:49:28,116 [WARN] IntegrityCheckThread:84 - waiting for thirdparty lock release [integrity check]
2024-07-29 19:49:28,117 [INFO] PluginManage:310 - Check plugin tools
2024-07-29 19:49:28,117 [INFO] IntegrityCheckThread:86 - entering critical section [integrity check]
2024-07-29 19:49:28,118 [INFO] ThirdPartyUpdaterWithRetryManager:70 - Updater plugin not ready yet. [1/15]
2024-07-29 19:49:28,120 [INFO] PluginManage:359 - Loaded plugin tools (category:base,tabindex:7)
2024-07-29 19:49:28,121 [INFO] PluginManage:310 - Check plugin tutovideos
2024-07-29 19:49:28,295 [INFO] PluginManage:359 - Loaded plugin tutovideos (category:base,tabindex:-1)
2024-07-29 19:49:28,295 [INFO] PluginManage:310 - Check plugin updater
2024-07-29 19:49:28,305 [INFO] PluginManage:359 - Loaded plugin updater (category:base,tabindex:12)
2024-07-29 19:49:28,305 [INFO] PluginManage:310 - Check plugin userauth
2024-07-29 19:49:28,312 [INFO] UserAuth:114 - Init User Auth plugin
2024-07-29 19:49:28,312 [INFO] PluginManage:359 - Loaded plugin userauth (category:base,tabindex:14)
2024-07-29 19:49:28,312 [INFO] PluginManage:283 - PluginManage : Loaded plugins [17]
2024-07-29 19:49:28,464 [INFO] PinOutPanel:1561 - setPackage(No Configuration,No Configuration)
2024-07-29 19:49:28,520 [INFO] CADModel:165 - CPN selected for project level
2024-07-29 19:49:28,520 [INFO] CADModel:114 - Register for checkConnection events
2024-07-29 19:49:28,530 [INFO] IPUIPlugin:80 - create IPUIPlugin
2024-07-29 19:49:28,530 [INFO] PluginManager:220 - loadIPPluginJar : add openamp
2024-07-29 19:49:28,535 [INFO] IPUIPlugin:80 - create IPUIPlugin
2024-07-29 19:49:28,535 [INFO] PluginManager:220 - loadIPPluginJar : add dma
2024-07-29 19:49:28,539 [INFO] IPUIPlugin:80 - create IPUIPlugin
2024-07-29 19:49:28,539 [INFO] PluginManager:220 - loadIPPluginJar : add i2c
2024-07-29 19:49:28,547 [INFO] IPUIPlugin:80 - create IPUIPlugin
2024-07-29 19:49:28,547 [INFO] PluginManager:220 - loadIPPluginJar : add stm32_wpan
2024-07-29 19:49:28,551 [INFO] IPUIPlugin:80 - create IPUIPlugin
2024-07-29 19:49:28,551 [INFO] PluginManager:220 - loadIPPluginJar : add gpio
2024-07-29 19:49:28,552 [INFO] IPUIPlugin:80 - create IPUIPlugin
2024-07-29 19:49:28,552 [INFO] PluginManager:220 - loadIPPluginJar : add tsc
2024-07-29 19:49:28,555 [INFO] IPUIPlugin:80 - create IPUIPlugin
2024-07-29 19:49:28,555 [INFO] PluginManager:220 - loadIPPluginJar : add usart
2024-07-29 19:49:28,557 [INFO] IPUIPlugin:80 - create IPUIPlugin
2024-07-29 19:49:28,557 [INFO] PluginManager:220 - loadIPPluginJar : add quadspi
2024-07-29 19:49:28,562 [INFO] IPUIPlugin:80 - create IPUIPlugin
2024-07-29 19:49:28,563 [INFO] PluginManager:220 - loadIPPluginJar : add resmgrutility
2024-07-29 19:49:28,567 [INFO] IPUIPlugin:80 - create IPUIPlugin
2024-07-29 19:49:28,567 [INFO] PluginManager:220 - loadIPPluginJar : add opamp
2024-07-29 19:49:28,570 [INFO] IPUIPlugin:80 - create IPUIPlugin
2024-07-29 19:49:28,570 [INFO] PluginManager:220 - loadIPPluginJar : add gtzc
2024-07-29 19:49:28,578 [INFO] IPUIPlugin:80 - create IPUIPlugin
2024-07-29 19:49:28,578 [INFO] PluginManager:220 - loadIPPluginJar : add freertos
2024-07-29 19:49:28,582 [INFO] IPUIPlugin:80 - create IPUIPlugin
2024-07-29 19:49:28,582 [INFO] PluginManager:220 - loadIPPluginJar : add can
2024-07-29 19:49:28,585 [INFO] IPUIPlugin:80 - create IPUIPlugin
2024-07-29 19:49:28,586 [INFO] PluginManager:220 - loadIPPluginJar : add gfxmmu
2024-07-29 19:49:28,588 [INFO] IPUIPlugin:80 - create IPUIPlugin
2024-07-29 19:49:28,588 [INFO] PluginManager:220 - loadIPPluginJar : add ucpd
2024-07-29 19:49:28,591 [INFO] IPUIPlugin:80 - create IPUIPlugin
2024-07-29 19:49:28,591 [INFO] PluginManager:220 - loadIPPluginJar : add cryp
2024-07-29 19:49:28,595 [INFO] IPUIPlugin:80 - create IPUIPlugin
2024-07-29 19:49:28,595 [INFO] PluginManager:220 - loadIPPluginJar : add ts
2024-07-29 19:49:28,607 [INFO] IPUIPlugin:80 - create IPUIPlugin
2024-07-29 19:49:28,607 [INFO] PluginManager:220 - loadIPPluginJar : add linkedlist
2024-07-29 19:49:28,611 [INFO] IPUIPlugin:80 - create IPUIPlugin
2024-07-29 19:49:28,612 [INFO] PluginManager:220 - loadIPPluginJar : add usbx
2024-07-29 19:49:28,613 [INFO] IPUIPlugin:80 - create IPUIPlugin
2024-07-29 19:49:28,613 [INFO] PluginManager:220 - loadIPPluginJar : add ltdc
2024-07-29 19:49:28,616 [INFO] IPUIPlugin:80 - create IPUIPlugin
2024-07-29 19:49:28,616 [INFO] PluginManager:220 - loadIPPluginJar : add ipddr
2024-07-29 19:49:28,618 [INFO] IPUIPlugin:80 - create IPUIPlugin
2024-07-29 19:49:28,618 [INFO] PluginManager:220 - loadIPPluginJar : add tim
2024-07-29 19:49:28,621 [INFO] IPUIPlugin:80 - create IPUIPlugin
2024-07-29 19:49:28,622 [INFO] PluginManager:220 - loadIPPluginJar : add sai
2024-07-29 19:49:28,628 [INFO] IPUIPlugin:80 - create IPUIPlugin
2024-07-29 19:49:28,628 [INFO] PluginManager:220 - loadIPPluginJar : add fmc
2024-07-29 19:49:28,632 [INFO] IPUIPlugin:80 - create IPUIPlugin
2024-07-29 19:49:28,632 [INFO] PluginManager:220 - loadIPPluginJar : add pdm2pcm
2024-07-29 19:49:28,634 [INFO] IPUIPlugin:80 - create IPUIPlugin
2024-07-29 19:49:28,635 [INFO] PluginManager:220 - loadIPPluginJar : add lorawan
2024-07-29 19:49:28,636 [INFO] IPUIPlugin:80 - create IPUIPlugin
2024-07-29 19:49:28,636 [INFO] PluginManager:220 - loadIPPluginJar : add genericplugin
2024-07-29 19:49:28,645 [INFO] IPUIPlugin:80 - create IPUIPlugin
2024-07-29 19:49:28,645 [INFO] PluginManager:220 - loadIPPluginJar : add adc
2024-07-29 19:49:28,647 [INFO] IPUIPlugin:80 - create IPUIPlugin
2024-07-29 19:49:28,647 [INFO] PluginManager:220 - loadIPPluginJar : add dma3
2024-07-29 19:49:28,648 [INFO] IPUIPlugin:80 - create IPUIPlugin
2024-07-29 19:49:28,648 [INFO] PluginManager:220 - loadIPPluginJar : add comp
2024-07-29 19:49:28,650 [INFO] IPUIPlugin:80 - create IPUIPlugin
2024-07-29 19:49:28,650 [INFO] PluginManager:220 - loadIPPluginJar : add dfsdm
2024-07-29 19:49:28,652 [INFO] IPUIPlugin:80 - create IPUIPlugin
2024-07-29 19:49:28,652 [INFO] PluginManager:220 - loadIPPluginJar : add aes
2024-07-29 19:49:28,654 [INFO] IPUIPlugin:80 - create IPUIPlugin
2024-07-29 19:49:28,654 [INFO] PluginManager:220 - loadIPPluginJar : add spi
2024-07-29 19:49:28,664 [INFO] IPUIPlugin:80 - create IPUIPlugin
2024-07-29 19:49:28,669 [INFO] PluginManager:220 - loadIPPluginJar : add plateformsettings
2024-07-29 19:49:28,674 [INFO] IPUIPlugin:80 - create IPUIPlugin
2024-07-29 19:49:28,675 [INFO] PluginManager:220 - loadIPPluginJar : add touchsensing
2024-07-29 19:49:28,678 [INFO] IPUIPlugin:80 - create IPUIPlugin
2024-07-29 19:49:28,678 [INFO] PluginManager:220 - loadIPPluginJar : add fatfs
2024-07-29 19:49:28,681 [INFO] IPUIPlugin:80 - create IPUIPlugin
2024-07-29 19:49:28,681 [INFO] PluginManager:220 - loadIPPluginJar : add hash
2024-07-29 19:49:28,685 [INFO] IPUIPlugin:80 - create IPUIPlugin
2024-07-29 19:49:28,685 [INFO] PluginManager:220 - loadIPPluginJar : add extmemmanager
2024-07-29 19:49:28,689 [INFO] IPUIPlugin:80 - create IPUIPlugin
2024-07-29 19:49:28,689 [INFO] PluginManager:220 - loadIPPluginJar : add nvic
2024-07-29 19:49:28,697 [INFO] IPUIPlugin:80 - create IPUIPlugin
2024-07-29 19:49:28,697 [INFO] PluginManager:220 - loadIPPluginJar : add gic
2024-07-29 19:49:28,699 [INFO] IPUIPlugin:80 - create IPUIPlugin
2024-07-29 19:49:28,700 [INFO] PluginManager:220 - loadIPPluginJar : add i2s
2024-07-29 19:49:28,701 [INFO] IPUIPlugin:80 - create IPUIPlugin
2024-07-29 19:49:28,701 [INFO] PluginManager:220 - loadIPPluginJar : add tracer_emb
2024-07-29 19:49:28,709 [INFO] IPUIPlugin:80 - create IPUIPlugin
2024-07-29 19:49:28,709 [INFO] PluginManager:220 - loadIPPluginJar : add mdma
2024-07-29 19:49:28,712 [INFO] IPUIPlugin:80 - create IPUIPlugin
2024-07-29 19:49:28,712 [INFO] PluginManager:220 - loadIPPluginJar : add i3c
2024-07-29 19:49:28,809 [INFO] CADModel:165 - CPN selected for project level
2024-07-29 19:49:28,810 [INFO] CADModel:114 - Register for checkConnection events
2024-07-29 19:49:28,810 [FATAL] Updater:308 - Updater called before beeing initialized
2024-07-29 19:49:28,811 [ERROR] CADModel:125 - Updater not yet initialized, retry later 
2024-07-29 19:49:28,960 [INFO] CADModel:165 - CPN selected for project level
2024-07-29 19:49:28,960 [INFO] CADModel:114 - Register for checkConnection events
2024-07-29 19:49:28,961 [FATAL] Updater:308 - Updater called before beeing initialized
2024-07-29 19:49:28,961 [ERROR] CADModel:125 - Updater not yet initialized, retry later 
2024-07-29 19:49:28,964 [FATAL] Updater:308 - Updater called before beeing initialized
2024-07-29 19:49:29,059 [FATAL] Updater:308 - Updater called before beeing initialized
2024-07-29 19:49:29,064 [INFO] DbMcusAds:53 - JSON generation date=Thu Sep 30 03:55:09 ART 2021 (1632984909247)
2024-07-29 19:49:29,064 [FATAL] Updater:308 - Updater called before beeing initialized
2024-07-29 19:49:29,104 [WARN] DetailPanel:346 - Failed to get advertising image, set to default
2024-07-29 19:49:29,185 [FATAL] Updater:308 - Updater called before beeing initialized
2024-07-29 19:49:29,187 [FATAL] Updater:308 - Updater called before beeing initialized
2024-07-29 19:49:29,187 [FATAL] Updater:308 - Updater called before beeing initialized
2024-07-29 19:49:29,188 [WARN] DetailPanel:346 - Failed to get advertising image, set to default
2024-07-29 19:49:29,188 [FATAL] Updater:308 - Updater called before beeing initialized
2024-07-29 19:49:29,228 [ERROR] Updater:1120 - MainUpdater not yet initialized. External WinMGr cannot be set.
2024-07-29 19:49:29,231 [INFO] Updater:1056 - Updater Version found : 6.11.1
2024-07-29 19:49:29,260 [INFO] ApplicationProperties:184 - Using Application install path: /opt/st/stm32cubeide_1.15.1/plugins/com.st.stm32cube.common.mx_6.11.1.202404110753
2024-07-29 19:49:29,281 [ERROR] LogOutputStream:75 - [STDERR_REDIRECT] Jul 29, 2024 7:49:29 PM java.util.prefs.FileSystemPreferences$2 run
2024-07-29 19:49:29,282 [ERROR] LogOutputStream:75 - [STDERR_REDIRECT] WARNING: Could not create system preferences directory. System preferences are unusable.
2024-07-29 19:49:29,282 [ERROR] LogOutputStream:75 - [STDERR_REDIRECT] 
2024-07-29 19:49:29,619 [INFO] MainUpdater:2873 - connection check result : 10
2024-07-29 19:49:29,620 [INFO] MainUpdater:290 - Updater Check For Update Now.
2024-07-29 19:49:29,621 [INFO] MicroXplorer:498 - Change Database Version : DB.6.0.111
2024-07-29 19:49:29,632 [INFO] McuFinderGlobals:63 - Set McuFinder mode to 2 (CubeIDE integrated)
2024-07-29 19:49:29,633 [INFO] UserAuth:179 - activating auth plugin
2024-07-29 19:49:29,635 [INFO] UserAuth:415 - Internet connection configuration mode: 1
2024-07-29 19:49:29,648 [INFO] JxBrowserEngine:152 - Initiate JxBrowser Engine with user profile folder
2024-07-29 19:49:29,800 [INFO] CheckServerUpdateThread:120 - End of CheckServer Thread
2024-07-29 19:49:30,508 [INFO] WebApp:161 - Instantiating new browser for Auth
2024-07-29 19:49:31,153 [INFO] WebApp:779 - Register for checkConnection events
2024-07-29 19:49:31,155 [INFO] WebApp:414 - Apply proxy settings
2024-07-29 19:49:31,156 [INFO] WebApp:499 - Chromium requires no authentication
2024-07-29 19:49:31,178 [INFO] WebApp:442 - Direct internet connection detected
2024-07-29 19:49:31,262 [WARN] PackLoader:240 - Cannot read IP mode file for STMicroelectronics.X-CUBE-SMBUS.2.1.0
2024-07-29 19:49:31,289 [WARN] PackLoader:240 - Cannot read IP mode file for STMicroelectronics.X-CUBE-AZRTOS-F7.1.1.0
2024-07-29 19:49:31,298 [WARN] PackLoader:240 - Cannot read IP mode file for STMicroelectronics.FP-SNS-FLIGHT1.5.0.2
2024-07-29 19:49:31,306 [WARN] PackLoader:240 - Cannot read IP mode file for STMicroelectronics.X-CUBE-DISPLAY.3.0.0
2024-07-29 19:49:31,315 [WARN] PackLoader:240 - Cannot read IP mode file for STMicroelectronics.X-CUBE-BLE1.7.0.0
2024-07-29 19:49:31,319 [WARN] PackLoader:240 - Cannot read IP mode file for emotas.I-CUBE-CANOPEN.1.3.0
2024-07-29 19:49:31,331 [WARN] PackLoader:240 - Cannot read IP mode file for STMicroelectronics.X-CUBE-BLEMGR.3.1.0
2024-07-29 19:49:31,338 [WARN] PackLoader:240 - Cannot read IP mode file for STMicroelectronics.FP-SNS-SMARTAG2.1.2.0
2024-07-29 19:49:31,348 [INFO] LogOutputStream:77 - [STDOUT_REDIRECT] 1 : Invalid condition id : UX_CORESTACK_Condition cause : null
2024-07-29 19:49:31,348 [INFO] LogOutputStream:77 - [STDOUT_REDIRECT] 1 : Invalid condition id : UX_CORESTACK_Condition cause : null
2024-07-29 19:49:31,349 [INFO] LogOutputStream:77 - [STDOUT_REDIRECT] 1 : Invalid condition id : UX_CORESTACK_Condition cause : null
2024-07-29 19:49:31,349 [INFO] LogOutputStream:77 - [STDOUT_REDIRECT] 1 : Invalid condition id : UX_CORESTACK_Condition cause : null
2024-07-29 19:49:31,349 [INFO] LogOutputStream:77 - [STDOUT_REDIRECT] 1 : Invalid condition id : UX_CORESTACK_Condition cause : null
2024-07-29 19:49:31,352 [WARN] PackLoader:240 - Cannot read IP mode file for STMicroelectronics.X-CUBE-AZRTOS-WL.2.0.0
2024-07-29 19:49:31,356 [WARN] PackLoader:240 - Cannot read IP mode file for wolfSSL.I-CUBE-wolfMQTT.1.19.0
2024-07-29 19:49:31,367 [INFO] WebApp:192 - Starting web application
2024-07-29 19:49:31,368 [INFO] WebApp:544 - Web application path used /opt/st/stm32cubeide_1.15.1/plugins/com.st.stm32cube.common.mx_6.11.1.202404110753/db/plugins/mcufinder/reactClient1/index.html
2024-07-29 19:49:31,368 [WARN] PackLoader:240 - Cannot read IP mode file for WES.I-CUBE-Cesium.1.3.0
2024-07-29 19:49:31,375 [WARN] PackLoader:240 - Cannot read IP mode file for STMicroelectronics.X-CUBE-BLE2.3.3.0
2024-07-29 19:49:31,382 [WARN] PackLoader:240 - Cannot read IP mode file for STMicroelectronics.X-CUBE-TCPP.4.1.0
2024-07-29 19:49:31,404 [WARN] PackLoader:240 - Cannot read IP mode file for STMicroelectronics.X-CUBE-AZRTOS-G0.1.1.0
2024-07-29 19:49:31,416 [WARN] PackLoader:240 - Cannot read IP mode file for STMicroelectronics.X-CUBE-SAFEA1.1.2.2
2024-07-29 19:49:31,426 [WARN] PackLoader:240 - Cannot read IP mode file for STMicroelectronics.X-CUBE-NFC4.3.0.0
2024-07-29 19:49:31,440 [WARN] PackLoader:240 - Cannot read IP mode file for EmbeddedOffice.I-CUBE-FS-RTOS.1.0.1
2024-07-29 19:49:31,442 [ERROR] ConditionMgr:805 - Attr not supported : Dmpu
2024-07-29 19:49:31,442 [ERROR] ConditionMgr:805 - Attr not supported : Dmpu
2024-07-29 19:49:31,443 [ERROR] ConditionMgr:805 - Attr not supported : Dmpu
2024-07-29 19:49:31,443 [ERROR] ConditionMgr:805 - Attr not supported : Dmpu
2024-07-29 19:49:31,443 [ERROR] ConditionMgr:805 - Attr not supported : Dmpu
2024-07-29 19:49:31,443 [ERROR] ConditionMgr:805 - Attr not supported : Dmpu
2024-07-29 19:49:31,444 [ERROR] ConditionMgr:805 - Attr not supported : Dmpu
2024-07-29 19:49:31,444 [ERROR] ConditionMgr:805 - Attr not supported : Dmpu
2024-07-29 19:49:31,444 [ERROR] ConditionMgr:805 - Attr not supported : Dmpu
2024-07-29 19:49:31,444 [ERROR] ConditionMgr:805 - Attr not supported : Dmpu
2024-07-29 19:49:31,445 [ERROR] ConditionMgr:805 - Attr not supported : Dmpu
2024-07-29 19:49:31,445 [ERROR] ConditionMgr:805 - Attr not supported : Dmpu
2024-07-29 19:49:31,445 [ERROR] ConditionMgr:805 - Attr not supported : Dmpu
2024-07-29 19:49:31,446 [ERROR] ConditionMgr:805 - Attr not supported : Dmpu
2024-07-29 19:49:31,446 [ERROR] ConditionMgr:805 - Attr not supported : Dmpu
2024-07-29 19:49:31,446 [ERROR] ConditionMgr:805 - Attr not supported : Dmpu
2024-07-29 19:49:31,446 [ERROR] ConditionMgr:805 - Attr not supported : Dmpu
2024-07-29 19:49:31,447 [ERROR] ConditionMgr:805 - Attr not supported : Dmpu
2024-07-29 19:49:31,447 [ERROR] ConditionMgr:805 - Attr not supported : Dmpu
2024-07-29 19:49:31,447 [ERROR] ConditionMgr:805 - Attr not supported : Dmpu
2024-07-29 19:49:31,447 [ERROR] ConditionMgr:805 - Attr not supported : Dmpu
2024-07-29 19:49:31,447 [ERROR] ConditionMgr:805 - Attr not supported : Dmpu
2024-07-29 19:49:31,447 [ERROR] ConditionMgr:805 - Attr not supported : Dmpu
2024-07-29 19:49:31,448 [ERROR] ConditionMgr:805 - Attr not supported : Dmpu
2024-07-29 19:49:31,448 [ERROR] ConditionMgr:805 - Attr not supported : Dmpu
2024-07-29 19:49:31,448 [ERROR] ConditionMgr:805 - Attr not supported : Dmpu
2024-07-29 19:49:31,448 [ERROR] ConditionMgr:805 - Attr not supported : Dmpu
2024-07-29 19:49:31,448 [ERROR] ConditionMgr:805 - Attr not supported : Dmpu
2024-07-29 19:49:31,448 [ERROR] ConditionMgr:805 - Attr not supported : Dmpu
2024-07-29 19:49:31,448 [ERROR] ConditionMgr:805 - Attr not supported : Dmpu
2024-07-29 19:49:31,448 [ERROR] ConditionMgr:805 - Attr not supported : Dmpu
2024-07-29 19:49:31,449 [ERROR] ConditionMgr:805 - Attr not supported : Dmpu
2024-07-29 19:49:31,449 [ERROR] ConditionMgr:805 - Attr not supported : Dmpu
2024-07-29 19:49:31,449 [ERROR] ConditionMgr:805 - Attr not supported : Dmpu
2024-07-29 19:49:31,449 [ERROR] ConditionMgr:805 - Attr not supported : Dmpu
2024-07-29 19:49:31,449 [ERROR] ConditionMgr:805 - Attr not supported : Dmpu
2024-07-29 19:49:31,449 [ERROR] ConditionMgr:805 - Attr not supported : Dmpu
2024-07-29 19:49:31,450 [ERROR] ConditionMgr:805 - Attr not supported : Dmpu
2024-07-29 19:49:31,450 [ERROR] ConditionMgr:805 - Attr not supported : Dmpu
2024-07-29 19:49:31,450 [ERROR] ConditionMgr:805 - Attr not supported : Dmpu
2024-07-29 19:49:31,451 [ERROR] ConditionMgr:805 - Attr not supported : Dmpu
2024-07-29 19:49:31,451 [ERROR] ConditionMgr:805 - Attr not supported : Dmpu
2024-07-29 19:49:31,451 [ERROR] ConditionMgr:805 - Attr not supported : Dmpu
2024-07-29 19:49:31,451 [ERROR] ConditionMgr:805 - Attr not supported : Dmpu
2024-07-29 19:49:31,451 [ERROR] ConditionMgr:805 - Attr not supported : Dmpu
2024-07-29 19:49:31,452 [ERROR] ConditionMgr:805 - Attr not supported : Dmpu
2024-07-29 19:49:31,452 [ERROR] ConditionMgr:805 - Attr not supported : Dmpu
2024-07-29 19:49:31,452 [ERROR] ConditionMgr:805 - Attr not supported : Dmpu
2024-07-29 19:49:31,452 [ERROR] ConditionMgr:805 - Attr not supported : Dmpu
2024-07-29 19:49:31,452 [ERROR] ConditionMgr:805 - Attr not supported : Dmpu
2024-07-29 19:49:31,453 [ERROR] ConditionMgr:805 - Attr not supported : Dmpu
2024-07-29 19:49:31,453 [ERROR] ConditionMgr:805 - Attr not supported : Dmpu
2024-07-29 19:49:31,453 [ERROR] ConditionMgr:805 - Attr not supported : Dmpu
2024-07-29 19:49:31,453 [ERROR] ConditionMgr:805 - Attr not supported : Dmpu
2024-07-29 19:49:31,453 [ERROR] ConditionMgr:805 - Attr not supported : Dmpu
2024-07-29 19:49:31,453 [ERROR] ConditionMgr:805 - Attr not supported : Dmpu
2024-07-29 19:49:31,453 [ERROR] ConditionMgr:805 - Attr not supported : Dmpu
2024-07-29 19:49:31,453 [ERROR] ConditionMgr:805 - Attr not supported : Dmpu
2024-07-29 19:49:31,454 [ERROR] ConditionMgr:805 - Attr not supported : Dmpu
2024-07-29 19:49:31,454 [ERROR] ConditionMgr:805 - Attr not supported : Dmpu
2024-07-29 19:49:31,454 [ERROR] ConditionMgr:805 - Attr not supported : Dmpu
2024-07-29 19:49:31,454 [ERROR] ConditionMgr:805 - Attr not supported : Dmpu
2024-07-29 19:49:31,454 [ERROR] ConditionMgr:805 - Attr not supported : Dmpu
2024-07-29 19:49:31,454 [ERROR] ConditionMgr:805 - Attr not supported : Dmpu
2024-07-29 19:49:31,461 [WARN] PackLoader:240 - Cannot read IP mode file for RealThread.X-CUBE-RT-Thread_Nano.4.1.1
2024-07-29 19:49:31,465 [WARN] PackLoader:240 - Cannot read IP mode file for wolfSSL.I-CUBE-wolfSSL.5.7.0
2024-07-29 19:49:31,478 [WARN] PackLoader:240 - Cannot read IP mode file for STMicroelectronics.FP-ATR-SIGFOX1.3.2.0
2024-07-29 19:49:31,484 [WARN] PackLoader:240 - Cannot read IP mode file for STMicroelectronics.X-CUBE-EEPRMA1.5.1.0
2024-07-29 19:49:31,490 [WARN] PackLoader:240 - Cannot read IP mode file for ITTIA_DB.I-CUBE-ITTIADB.8.9.0
2024-07-29 19:49:31,532 [WARN] PackLoader:240 - Cannot read IP mode file for SEGGER.I-CUBE-embOS.1.3.1
2024-07-29 19:49:31,581 [WARN] PackLoader:240 - Cannot read IP mode file for STMicroelectronics.X-CUBE-ALGOBUILD.1.4.0
2024-07-29 19:49:31,585 [WARN] PackLoader:240 - Cannot read IP mode file for STMicroelectronics.X-CUBE-GNSS1.6.0.0
2024-07-29 19:49:31,603 [WARN] PackLoader:240 - Cannot read IP mode file for STMicroelectronics.X-CUBE-AZRTOS-F4.1.1.0
2024-07-29 19:49:31,620 [WARN] PackLoader:240 - Cannot read IP mode file for STMicroelectronics.X-CUBE-AZRTOS-L5.2.0.0
2024-07-29 19:49:31,630 [WARN] PackLoader:240 - Cannot read IP mode file for STMicroelectronics.X-CUBE-NFC6.3.1.0
2024-07-29 19:49:31,636 [WARN] PackLoader:240 - Cannot read IP mode file for STMicroelectronics.X-CUBE-DPower.1.2.0
2024-07-29 19:49:31,641 [WARN] PackLoader:240 - Cannot read IP mode file for STMicroelectronics.X-CUBE-NFC7.1.0.1
2024-07-29 19:49:31,644 [WARN] PackLoader:240 - Cannot read IP mode file for wolfSSL.I-CUBE-wolfTPM.3.2.0
2024-07-29 19:49:31,655 [WARN] ConditionMgr:438 - getConditionDescription Invalid condition id : LAN8742 Phy interface Condition cause : null
2024-07-29 19:49:31,655 [WARN] PackLoader:240 - Cannot read IP mode file for STMicroelectronics.X-CUBE-AZRTOS-L4.2.0.0
2024-07-29 19:49:31,657 [WARN] ConditionMgr:1039 - genDependencies : Invalid condition id : LAN8742 Phy interface Condition cause : null
2024-07-29 19:49:31,657 [WARN] ConditionMgr:1039 - genDependencies : Invalid condition id : LAN8742 Phy interface Condition cause : null
2024-07-29 19:49:31,657 [WARN] ConditionMgr:1039 - genDependencies : Invalid condition id : LAN8742 Phy interface Condition cause : null
2024-07-29 19:49:31,663 [WARN] PackLoader:240 - Cannot read IP mode file for STMicroelectronics.X-CUBE-SFXS2LP1.4.0.0
2024-07-29 19:49:31,674 [WARN] ConditionMgr:438 - getConditionDescription Invalid condition id : UX DEVICE CLASS RTOS Condition cause : null
2024-07-29 19:49:31,675 [WARN] ConditionMgr:438 - getConditionDescription Invalid condition id : UX DEVICE CLASS RTOS Condition cause : null
2024-07-29 19:49:31,677 [WARN] PackLoader:240 - Cannot read IP mode file for STMicroelectronics.X-CUBE-AZRTOS-WB.2.0.0
2024-07-29 19:49:31,677 [WARN] ConditionMgr:1039 - genDependencies : Invalid condition id : UX DEVICE CLASS RTOS Condition cause : null
2024-07-29 19:49:31,677 [WARN] ConditionMgr:1039 - genDependencies : Invalid condition id : UX DEVICE CLASS RTOS Condition cause : null
2024-07-29 19:49:31,677 [WARN] ConditionMgr:1039 - genDependencies : Invalid condition id : UX DEVICE CLASS RTOS Condition cause : null
2024-07-29 19:49:31,678 [WARN] ConditionMgr:1039 - genDependencies : Invalid condition id : UX DEVICE CLASS RTOS Condition cause : null
2024-07-29 19:49:31,678 [WARN] ConditionMgr:1039 - genDependencies : Invalid condition id : UX DEVICE CLASS RTOS Condition cause : null
2024-07-29 19:49:31,681 [WARN] PackLoader:240 - Cannot read IP mode file for STMicroelectronics.FP-SNS-STBOX1.2.0.0
2024-07-29 19:49:31,688 [WARN] PackLoader:240 - Cannot read IP mode file for STMicroelectronics.X-CUBE-SUBG2.5.0.0
2024-07-29 19:49:31,705 [WARN] PackLoader:240 - Cannot read IP mode file for Cesanta.I-CUBE-Mongoose.7.13.0
2024-07-29 19:49:31,719 [WARN] PackLoader:240 - Cannot read IP mode file for STMicroelectronics.X-CUBE-AZRTOS-G4.2.0.0
2024-07-29 19:49:31,725 [WARN] PackLoader:240 - Cannot read IP mode file for STMicroelectronics.X-CUBE-ISPU.2.0.0
2024-07-29 19:49:31,757 [WARN] PackLoader:240 - Cannot read IP mode file for STMicroelectronics.X-CUBE-MEMS1.10.0.0
2024-07-29 19:49:31,827 [WARN] PackLoader:240 - Cannot read IP mode file for STMicroelectronics.X-CUBE-TOUCHGFX.4.24.0
2024-07-29 19:49:31,830 [WARN] PackLoader:240 - Cannot read IP mode file for portGmbH.I-Cube-SoM-uGOAL.1.1.0
2024-07-29 19:49:31,840 [WARN] PackLoader:240 - Cannot read IP mode file for STMicroelectronics.X-CUBE-AZRTOS-H7RS.1.0.0
2024-07-29 19:49:31,847 [WARN] PackLoader:240 - Cannot read IP mode file for STMicroelectronics.FP-ATR-ASTRA1.2.0.0
2024-07-29 19:49:31,858 [WARN] PackLoader:240 - Cannot read IP mode file for STMicroelectronics.X-CUBE-TOF1.3.4.2
2024-07-29 19:49:31,881 [WARN] PackLoader:240 - Cannot read IP mode file for STMicroelectronics.X-CUBE-TOF1.3.4.1
2024-07-29 19:49:31,900 [WARN] PackLoader:240 - Cannot read IP mode file for STMicroelectronics.X-CUBE-AZRTOS-H7.3.2.0
2024-07-29 19:49:31,914 [WARN] PackLoader:240 - Cannot read IP mode file for Infineon.AIROC-Wi-Fi-Bluetooth-STM32.1.6.0
2024-07-29 19:49:31,919 [WARN] PackLoader:240 - Cannot read IP mode file for wolfSSL.I-CUBE-wolfSSH.1.4.17
2024-07-29 19:49:31,920 [INFO] ThirdParty:978 - Integrity check success = true
2024-07-29 19:49:31,920 [INFO] IntegrityCheckThread:100 - exiting critical section [integrity check]
2024-07-29 19:49:31,920 [INFO] IntegrityCheckThread:103 - End integrity checks thread
2024-07-29 19:49:56,759 [ERROR] LogOutputStream:75 - [STDERR_REDIRECT] Jul 29, 2024 7:49:56 PM java.util.prefs.FileSystemPreferences checkLockFile0ErrorCode
2024-07-29 19:49:56,759 [ERROR] LogOutputStream:75 - [STDERR_REDIRECT] WARNING: Could not lock System prefs. Unix error code 31504.
2024-07-29 19:49:56,759 [ERROR] LogOutputStream:75 - [STDERR_REDIRECT] 
2024-07-29 19:49:56,760 [ERROR] LogOutputStream:75 - [STDERR_REDIRECT] Jul 29, 2024 7:49:56 PM java.util.prefs.FileSystemPreferences syncWorld
2024-07-29 19:49:56,760 [ERROR] LogOutputStream:75 - [STDERR_REDIRECT] WARNING: Couldn't flush system prefs: java.util.prefs.BackingStoreException: Couldn't get file lock.
2024-07-29 19:49:56,760 [ERROR] LogOutputStream:75 - [STDERR_REDIRECT] 
2024-07-29 19:50:26,744 [ERROR] LogOutputStream:75 - [STDERR_REDIRECT] Jul 29, 2024 7:50:26 PM java.util.prefs.FileSystemPreferences checkLockFile0ErrorCode
2024-07-29 19:50:26,745 [ERROR] LogOutputStream:75 - [STDERR_REDIRECT] WARNING: Could not lock System prefs. Unix error code 31504.
2024-07-29 19:50:26,745 [ERROR] LogOutputStream:75 - [STDERR_REDIRECT] 
2024-07-29 19:50:26,746 [ERROR] LogOutputStream:75 - [STDERR_REDIRECT] Jul 29, 2024 7:50:26 PM java.util.prefs.FileSystemPreferences syncWorld
2024-07-29 19:50:26,747 [ERROR] LogOutputStream:75 - [STDERR_REDIRECT] WARNING: Couldn't flush system prefs: java.util.prefs.BackingStoreException: Couldn't get file lock.
2024-07-29 19:50:26,747 [ERROR] LogOutputStream:75 - [STDERR_REDIRECT] 
2024-07-29 19:50:56,750 [ERROR] LogOutputStream:75 - [STDERR_REDIRECT] Jul 29, 2024 7:50:56 PM java.util.prefs.FileSystemPreferences checkLockFile0ErrorCode
2024-07-29 19:50:56,750 [ERROR] LogOutputStream:75 - [STDERR_REDIRECT] WARNING: Could not lock System prefs. Unix error code 31504.
2024-07-29 19:50:56,750 [ERROR] LogOutputStream:75 - [STDERR_REDIRECT] 
2024-07-29 19:50:56,751 [ERROR] LogOutputStream:75 - [STDERR_REDIRECT] Jul 29, 2024 7:50:56 PM java.util.prefs.FileSystemPreferences syncWorld
2024-07-29 19:50:56,751 [ERROR] LogOutputStream:75 - [STDERR_REDIRECT] WARNING: Couldn't flush system prefs: java.util.prefs.BackingStoreException: Couldn't get file lock.
2024-07-29 19:50:56,751 [ERROR] LogOutputStream:75 - [STDERR_REDIRECT] 
2024-07-29 19:51:26,744 [ERROR] LogOutputStream:75 - [STDERR_REDIRECT] Jul 29, 2024 7:51:26 PM java.util.prefs.FileSystemPreferences checkLockFile0ErrorCode
2024-07-29 19:51:26,744 [ERROR] LogOutputStream:75 - [STDERR_REDIRECT] WARNING: Could not lock System prefs. Unix error code 31504.
2024-07-29 19:51:26,744 [ERROR] LogOutputStream:75 - [STDERR_REDIRECT] 
2024-07-29 19:51:26,744 [ERROR] LogOutputStream:75 - [STDERR_REDIRECT] Jul 29, 2024 7:51:26 PM java.util.prefs.FileSystemPreferences syncWorld
2024-07-29 19:51:26,744 [ERROR] LogOutputStream:75 - [STDERR_REDIRECT] WARNING: Couldn't flush system prefs: java.util.prefs.BackingStoreException: Couldn't get file lock.
2024-07-29 19:51:26,744 [ERROR] LogOutputStream:75 - [STDERR_REDIRECT] 
2024-07-29 19:51:56,745 [ERROR] LogOutputStream:75 - [STDERR_REDIRECT] Jul 29, 2024 7:51:56 PM java.util.prefs.FileSystemPreferences checkLockFile0ErrorCode
2024-07-29 19:51:56,746 [ERROR] LogOutputStream:75 - [STDERR_REDIRECT] WARNING: Could not lock System prefs. Unix error code 31504.
2024-07-29 19:51:56,747 [ERROR] LogOutputStream:75 - [STDERR_REDIRECT] 
2024-07-29 19:51:56,748 [ERROR] LogOutputStream:75 - [STDERR_REDIRECT] Jul 29, 2024 7:51:56 PM java.util.prefs.FileSystemPreferences syncWorld
2024-07-29 19:51:56,748 [ERROR] LogOutputStream:75 - [STDERR_REDIRECT] WARNING: Couldn't flush system prefs: java.util.prefs.BackingStoreException: Couldn't get file lock.
2024-07-29 19:51:56,749 [ERROR] LogOutputStream:75 - [STDERR_REDIRECT] 
2024-07-29 19:52:26,746 [ERROR] LogOutputStream:75 - [STDERR_REDIRECT] Jul 29, 2024 7:52:26 PM java.util.prefs.FileSystemPreferences checkLockFile0ErrorCode
2024-07-29 19:52:26,746 [ERROR] LogOutputStream:75 - [STDERR_REDIRECT] WARNING: Could not lock System prefs. Unix error code 31504.
2024-07-29 19:52:26,747 [ERROR] LogOutputStream:75 - [STDERR_REDIRECT] 
2024-07-29 19:52:26,748 [ERROR] LogOutputStream:75 - [STDERR_REDIRECT] Jul 29, 2024 7:52:26 PM java.util.prefs.FileSystemPreferences syncWorld
2024-07-29 19:52:26,749 [ERROR] LogOutputStream:75 - [STDERR_REDIRECT] WARNING: Couldn't flush system prefs: java.util.prefs.BackingStoreException: Couldn't get file lock.
2024-07-29 19:52:26,749 [ERROR] LogOutputStream:75 - [STDERR_REDIRECT] 
2024-07-29 19:52:56,746 [ERROR] LogOutputStream:75 - [STDERR_REDIRECT] Jul 29, 2024 7:52:56 PM java.util.prefs.FileSystemPreferences checkLockFile0ErrorCode
2024-07-29 19:52:56,746 [ERROR] LogOutputStream:75 - [STDERR_REDIRECT] WARNING: Could not lock System prefs. Unix error code 31504.
2024-07-29 19:52:56,747 [ERROR] LogOutputStream:75 - [STDERR_REDIRECT] 
2024-07-29 19:52:56,748 [ERROR] LogOutputStream:75 - [STDERR_REDIRECT] Jul 29, 2024 7:52:56 PM java.util.prefs.FileSystemPreferences syncWorld
2024-07-29 19:52:56,749 [ERROR] LogOutputStream:75 - [STDERR_REDIRECT] WARNING: Couldn't flush system prefs: java.util.prefs.BackingStoreException: Couldn't get file lock.
2024-07-29 19:52:56,749 [ERROR] LogOutputStream:75 - [STDERR_REDIRECT] 
2024-07-29 19:53:26,747 [ERROR] LogOutputStream:75 - [STDERR_REDIRECT] Jul 29, 2024 7:53:26 PM java.util.prefs.FileSystemPreferences checkLockFile0ErrorCode
2024-07-29 19:53:26,748 [ERROR] LogOutputStream:75 - [STDERR_REDIRECT] WARNING: Could not lock System prefs. Unix error code 31504.
2024-07-29 19:53:26,748 [ERROR] LogOutputStream:75 - [STDERR_REDIRECT] 
2024-07-29 19:53:26,749 [ERROR] LogOutputStream:75 - [STDERR_REDIRECT] Jul 29, 2024 7:53:26 PM java.util.prefs.FileSystemPreferences syncWorld
2024-07-29 19:53:26,749 [ERROR] LogOutputStream:75 - [STDERR_REDIRECT] WARNING: Couldn't flush system prefs: java.util.prefs.BackingStoreException: Couldn't get file lock.
2024-07-29 19:53:26,749 [ERROR] LogOutputStream:75 - [STDERR_REDIRECT] 
2024-07-29 19:53:56,747 [ERROR] LogOutputStream:75 - [STDERR_REDIRECT] Jul 29, 2024 7:53:56 PM java.util.prefs.FileSystemPreferences checkLockFile0ErrorCode
2024-07-29 19:53:56,747 [ERROR] LogOutputStream:75 - [STDERR_REDIRECT] WARNING: Could not lock System prefs. Unix error code 31504.
2024-07-29 19:53:56,748 [ERROR] LogOutputStream:75 - [STDERR_REDIRECT] 
2024-07-29 19:53:56,749 [ERROR] LogOutputStream:75 - [STDERR_REDIRECT] Jul 29, 2024 7:53:56 PM java.util.prefs.FileSystemPreferences syncWorld
2024-07-29 19:53:56,749 [ERROR] LogOutputStream:75 - [STDERR_REDIRECT] WARNING: Couldn't flush system prefs: java.util.prefs.BackingStoreException: Couldn't get file lock.
2024-07-29 19:53:56,749 [ERROR] LogOutputStream:75 - [STDERR_REDIRECT] 
2024-07-29 19:54:26,747 [ERROR] LogOutputStream:75 - [STDERR_REDIRECT] Jul 29, 2024 7:54:26 PM java.util.prefs.FileSystemPreferences checkLockFile0ErrorCode
2024-07-29 19:54:26,748 [ERROR] LogOutputStream:75 - [STDERR_REDIRECT] WARNING: Could not lock System prefs. Unix error code 31504.
2024-07-29 19:54:26,748 [ERROR] LogOutputStream:75 - [STDERR_REDIRECT] 
2024-07-29 19:54:26,749 [ERROR] LogOutputStream:75 - [STDERR_REDIRECT] Jul 29, 2024 7:54:26 PM java.util.prefs.FileSystemPreferences syncWorld
2024-07-29 19:54:26,750 [ERROR] LogOutputStream:75 - [STDERR_REDIRECT] WARNING: Couldn't flush system prefs: java.util.prefs.BackingStoreException: Couldn't get file lock.
2024-07-29 19:54:26,750 [ERROR] LogOutputStream:75 - [STDERR_REDIRECT] 
2024-07-29 19:54:56,747 [ERROR] LogOutputStream:75 - [STDERR_REDIRECT] Jul 29, 2024 7:54:56 PM java.util.prefs.FileSystemPreferences checkLockFile0ErrorCode
2024-07-29 19:54:56,747 [ERROR] LogOutputStream:75 - [STDERR_REDIRECT] WARNING: Could not lock System prefs. Unix error code 31504.
2024-07-29 19:54:56,747 [ERROR] LogOutputStream:75 - [STDERR_REDIRECT] 
2024-07-29 19:54:56,747 [ERROR] LogOutputStream:75 - [STDERR_REDIRECT] Jul 29, 2024 7:54:56 PM java.util.prefs.FileSystemPreferences syncWorld
2024-07-29 19:54:56,748 [ERROR] LogOutputStream:75 - [STDERR_REDIRECT] WARNING: Couldn't flush system prefs: java.util.prefs.BackingStoreException: Couldn't get file lock.
2024-07-29 19:54:56,748 [ERROR] LogOutputStream:75 - [STDERR_REDIRECT] 
2024-07-29 19:55:26,747 [ERROR] LogOutputStream:75 - [STDERR_REDIRECT] Jul 29, 2024 7:55:26 PM java.util.prefs.FileSystemPreferences checkLockFile0ErrorCode
2024-07-29 19:55:26,747 [ERROR] LogOutputStream:75 - [STDERR_REDIRECT] WARNING: Could not lock System prefs. Unix error code 31504.
2024-07-29 19:55:26,747 [ERROR] LogOutputStream:75 - [STDERR_REDIRECT] 
2024-07-29 19:55:26,748 [ERROR] LogOutputStream:75 - [STDERR_REDIRECT] Jul 29, 2024 7:55:26 PM java.util.prefs.FileSystemPreferences syncWorld
2024-07-29 19:55:26,748 [ERROR] LogOutputStream:75 - [STDERR_REDIRECT] WARNING: Couldn't flush system prefs: java.util.prefs.BackingStoreException: Couldn't get file lock.
2024-07-29 19:55:26,748 [ERROR] LogOutputStream:75 - [STDERR_REDIRECT] 
2024-07-29 19:55:56,746 [ERROR] LogOutputStream:75 - [STDERR_REDIRECT] Jul 29, 2024 7:55:56 PM java.util.prefs.FileSystemPreferences checkLockFile0ErrorCode
2024-07-29 19:55:56,746 [ERROR] LogOutputStream:75 - [STDERR_REDIRECT] WARNING: Could not lock System prefs. Unix error code 31504.
2024-07-29 19:55:56,747 [ERROR] LogOutputStream:75 - [STDERR_REDIRECT] 
2024-07-29 19:55:56,747 [ERROR] LogOutputStream:75 - [STDERR_REDIRECT] Jul 29, 2024 7:55:56 PM java.util.prefs.FileSystemPreferences syncWorld
2024-07-29 19:55:56,747 [ERROR] LogOutputStream:75 - [STDERR_REDIRECT] WARNING: Couldn't flush system prefs: java.util.prefs.BackingStoreException: Couldn't get file lock.
2024-07-29 19:55:56,747 [ERROR] LogOutputStream:75 - [STDERR_REDIRECT] 
2024-07-29 19:56:26,746 [ERROR] LogOutputStream:75 - [STDERR_REDIRECT] Jul 29, 2024 7:56:26 PM java.util.prefs.FileSystemPreferences checkLockFile0ErrorCode
2024-07-29 19:56:26,746 [ERROR] LogOutputStream:75 - [STDERR_REDIRECT] WARNING: Could not lock System prefs. Unix error code 31504.
2024-07-29 19:56:26,746 [ERROR] LogOutputStream:75 - [STDERR_REDIRECT] 
2024-07-29 19:56:26,746 [ERROR] LogOutputStream:75 - [STDERR_REDIRECT] Jul 29, 2024 7:56:26 PM java.util.prefs.FileSystemPreferences syncWorld
2024-07-29 19:56:26,746 [ERROR] LogOutputStream:75 - [STDERR_REDIRECT] WARNING: Couldn't flush system prefs: java.util.prefs.BackingStoreException: Couldn't get file lock.
2024-07-29 19:56:26,746 [ERROR] LogOutputStream:75 - [STDERR_REDIRECT] 
2024-07-29 19:56:56,746 [ERROR] LogOutputStream:75 - [STDERR_REDIRECT] Jul 29, 2024 7:56:56 PM java.util.prefs.FileSystemPreferences checkLockFile0ErrorCode
2024-07-29 19:56:56,747 [ERROR] LogOutputStream:75 - [STDERR_REDIRECT] WARNING: Could not lock System prefs. Unix error code 31504.
2024-07-29 19:56:56,749 [ERROR] LogOutputStream:75 - [STDERR_REDIRECT] 
2024-07-29 19:56:56,750 [ERROR] LogOutputStream:75 - [STDERR_REDIRECT] Jul 29, 2024 7:56:56 PM java.util.prefs.FileSystemPreferences syncWorld
2024-07-29 19:56:56,750 [ERROR] LogOutputStream:75 - [STDERR_REDIRECT] WARNING: Couldn't flush system prefs: java.util.prefs.BackingStoreException: Couldn't get file lock.
2024-07-29 19:56:56,750 [ERROR] LogOutputStream:75 - [STDERR_REDIRECT] 
2024-07-29 19:57:26,747 [ERROR] LogOutputStream:75 - [STDERR_REDIRECT] Jul 29, 2024 7:57:26 PM java.util.prefs.FileSystemPreferences checkLockFile0ErrorCode
2024-07-29 19:57:26,747 [ERROR] LogOutputStream:75 - [STDERR_REDIRECT] WARNING: Could not lock System prefs. Unix error code 31504.
2024-07-29 19:57:26,748 [ERROR] LogOutputStream:75 - [STDERR_REDIRECT] 
2024-07-29 19:57:26,748 [ERROR] LogOutputStream:75 - [STDERR_REDIRECT] Jul 29, 2024 7:57:26 PM java.util.prefs.FileSystemPreferences syncWorld
2024-07-29 19:57:26,748 [ERROR] LogOutputStream:75 - [STDERR_REDIRECT] WARNING: Couldn't flush system prefs: java.util.prefs.BackingStoreException: Couldn't get file lock.
2024-07-29 19:57:26,748 [ERROR] LogOutputStream:75 - [STDERR_REDIRECT] 
2024-07-29 19:57:56,747 [ERROR] LogOutputStream:75 - [STDERR_REDIRECT] Jul 29, 2024 7:57:56 PM java.util.prefs.FileSystemPreferences checkLockFile0ErrorCode
2024-07-29 19:57:56,748 [ERROR] LogOutputStream:75 - [STDERR_REDIRECT] WARNING: Could not lock System prefs. Unix error code 31504.
2024-07-29 19:57:56,749 [ERROR] LogOutputStream:75 - [STDERR_REDIRECT] 
2024-07-29 19:57:56,750 [ERROR] LogOutputStream:75 - [STDERR_REDIRECT] Jul 29, 2024 7:57:56 PM java.util.prefs.FileSystemPreferences syncWorld
2024-07-29 19:57:56,750 [ERROR] LogOutputStream:75 - [STDERR_REDIRECT] WARNING: Couldn't flush system prefs: java.util.prefs.BackingStoreException: Couldn't get file lock.
2024-07-29 19:57:56,751 [ERROR] LogOutputStream:75 - [STDERR_REDIRECT] 
2024-07-29 19:58:26,746 [ERROR] LogOutputStream:75 - [STDERR_REDIRECT] Jul 29, 2024 7:58:26 PM java.util.prefs.FileSystemPreferences checkLockFile0ErrorCode
2024-07-29 19:58:26,747 [ERROR] LogOutputStream:75 - [STDERR_REDIRECT] WARNING: Could not lock System prefs. Unix error code 31504.
2024-07-29 19:58:26,747 [ERROR] LogOutputStream:75 - [STDERR_REDIRECT] 
2024-07-29 19:58:26,748 [ERROR] LogOutputStream:75 - [STDERR_REDIRECT] Jul 29, 2024 7:58:26 PM java.util.prefs.FileSystemPreferences syncWorld
2024-07-29 19:58:26,748 [ERROR] LogOutputStream:75 - [STDERR_REDIRECT] WARNING: Couldn't flush system prefs: java.util.prefs.BackingStoreException: Couldn't get file lock.
2024-07-29 19:58:26,748 [ERROR] LogOutputStream:75 - [STDERR_REDIRECT] 
2024-07-29 19:58:56,748 [ERROR] LogOutputStream:75 - [STDERR_REDIRECT] Jul 29, 2024 7:58:56 PM java.util.prefs.FileSystemPreferences checkLockFile0ErrorCode
2024-07-29 19:58:56,749 [ERROR] LogOutputStream:75 - [STDERR_REDIRECT] WARNING: Could not lock System prefs. Unix error code 31504.
2024-07-29 19:58:56,749 [ERROR] LogOutputStream:75 - [STDERR_REDIRECT] 
2024-07-29 19:58:56,750 [ERROR] LogOutputStream:75 - [STDERR_REDIRECT] Jul 29, 2024 7:58:56 PM java.util.prefs.FileSystemPreferences syncWorld
2024-07-29 19:58:56,751 [ERROR] LogOutputStream:75 - [STDERR_REDIRECT] WARNING: Couldn't flush system prefs: java.util.prefs.BackingStoreException: Couldn't get file lock.
2024-07-29 19:58:56,751 [ERROR] LogOutputStream:75 - [STDERR_REDIRECT] 
2024-07-29 19:59:26,749 [ERROR] LogOutputStream:75 - [STDERR_REDIRECT] Jul 29, 2024 7:59:26 PM java.util.prefs.FileSystemPreferences checkLockFile0ErrorCode
2024-07-29 19:59:26,750 [ERROR] LogOutputStream:75 - [STDERR_REDIRECT] WARNING: Could not lock System prefs. Unix error code 31504.
2024-07-29 19:59:26,750 [ERROR] LogOutputStream:75 - [STDERR_REDIRECT] 
2024-07-29 19:59:26,752 [ERROR] LogOutputStream:75 - [STDERR_REDIRECT] Jul 29, 2024 7:59:26 PM java.util.prefs.FileSystemPreferences syncWorld
2024-07-29 19:59:26,752 [ERROR] LogOutputStream:75 - [STDERR_REDIRECT] WARNING: Couldn't flush system prefs: java.util.prefs.BackingStoreException: Couldn't get file lock.
2024-07-29 19:59:26,752 [ERROR] LogOutputStream:75 - [STDERR_REDIRECT] 
2024-07-29 19:59:56,747 [ERROR] LogOutputStream:75 - [STDERR_REDIRECT] Jul 29, 2024 7:59:56 PM java.util.prefs.FileSystemPreferences checkLockFile0ErrorCode
2024-07-29 19:59:56,748 [ERROR] LogOutputStream:75 - [STDERR_REDIRECT] WARNING: Could not lock System prefs. Unix error code 31504.
2024-07-29 19:59:56,750 [ERROR] LogOutputStream:75 - [STDERR_REDIRECT] 
2024-07-29 19:59:56,751 [ERROR] LogOutputStream:75 - [STDERR_REDIRECT] Jul 29, 2024 7:59:56 PM java.util.prefs.FileSystemPreferences syncWorld
2024-07-29 19:59:56,751 [ERROR] LogOutputStream:75 - [STDERR_REDIRECT] WARNING: Couldn't flush system prefs: java.util.prefs.BackingStoreException: Couldn't get file lock.
2024-07-29 19:59:56,751 [ERROR] LogOutputStream:75 - [STDERR_REDIRECT] 
2024-07-29 20:00:26,748 [ERROR] LogOutputStream:75 - [STDERR_REDIRECT] Jul 29, 2024 8:00:26 PM java.util.prefs.FileSystemPreferences checkLockFile0ErrorCode
2024-07-29 20:00:26,748 [ERROR] LogOutputStream:75 - [STDERR_REDIRECT] WARNING: Could not lock System prefs. Unix error code 31504.
2024-07-29 20:00:26,749 [ERROR] LogOutputStream:75 - [STDERR_REDIRECT] 
2024-07-29 20:00:26,749 [ERROR] LogOutputStream:75 - [STDERR_REDIRECT] Jul 29, 2024 8:00:26 PM java.util.prefs.FileSystemPreferences syncWorld
2024-07-29 20:00:26,750 [ERROR] LogOutputStream:75 - [STDERR_REDIRECT] WARNING: Couldn't flush system prefs: java.util.prefs.BackingStoreException: Couldn't get file lock.
2024-07-29 20:00:26,750 [ERROR] LogOutputStream:75 - [STDERR_REDIRECT] 
2024-07-29 20:00:56,748 [ERROR] LogOutputStream:75 - [STDERR_REDIRECT] Jul 29, 2024 8:00:56 PM java.util.prefs.FileSystemPreferences checkLockFile0ErrorCode
2024-07-29 20:00:56,748 [ERROR] LogOutputStream:75 - [STDERR_REDIRECT] WARNING: Could not lock System prefs. Unix error code 31504.
2024-07-29 20:00:56,748 [ERROR] LogOutputStream:75 - [STDERR_REDIRECT] 
2024-07-29 20:00:56,749 [ERROR] LogOutputStream:75 - [STDERR_REDIRECT] Jul 29, 2024 8:00:56 PM java.util.prefs.FileSystemPreferences syncWorld
2024-07-29 20:00:56,749 [ERROR] LogOutputStream:75 - [STDERR_REDIRECT] WARNING: Couldn't flush system prefs: java.util.prefs.BackingStoreException: Couldn't get file lock.
2024-07-29 20:00:56,749 [ERROR] LogOutputStream:75 - [STDERR_REDIRECT] 
2024-07-29 20:01:26,748 [ERROR] LogOutputStream:75 - [STDERR_REDIRECT] Jul 29, 2024 8:01:26 PM java.util.prefs.FileSystemPreferences checkLockFile0ErrorCode
2024-07-29 20:01:26,748 [ERROR] LogOutputStream:75 - [STDERR_REDIRECT] WARNING: Could not lock System prefs. Unix error code 31504.
2024-07-29 20:01:26,748 [ERROR] LogOutputStream:75 - [STDERR_REDIRECT] 
2024-07-29 20:01:26,749 [ERROR] LogOutputStream:75 - [STDERR_REDIRECT] Jul 29, 2024 8:01:26 PM java.util.prefs.FileSystemPreferences syncWorld
2024-07-29 20:01:26,749 [ERROR] LogOutputStream:75 - [STDERR_REDIRECT] WARNING: Couldn't flush system prefs: java.util.prefs.BackingStoreException: Couldn't get file lock.
2024-07-29 20:01:26,749 [ERROR] LogOutputStream:75 - [STDERR_REDIRECT] 
2024-07-29 20:01:56,749 [ERROR] LogOutputStream:75 - [STDERR_REDIRECT] Jul 29, 2024 8:01:56 PM java.util.prefs.FileSystemPreferences checkLockFile0ErrorCode
2024-07-29 20:01:56,749 [ERROR] LogOutputStream:75 - [STDERR_REDIRECT] WARNING: Could not lock System prefs. Unix error code 31504.
2024-07-29 20:01:56,750 [ERROR] LogOutputStream:75 - [STDERR_REDIRECT] 
2024-07-29 20:01:56,750 [ERROR] LogOutputStream:75 - [STDERR_REDIRECT] Jul 29, 2024 8:01:56 PM java.util.prefs.FileSystemPreferences syncWorld
2024-07-29 20:01:56,750 [ERROR] LogOutputStream:75 - [STDERR_REDIRECT] WARNING: Couldn't flush system prefs: java.util.prefs.BackingStoreException: Couldn't get file lock.
2024-07-29 20:01:56,751 [ERROR] LogOutputStream:75 - [STDERR_REDIRECT] 
2024-07-29 20:02:26,747 [ERROR] LogOutputStream:75 - [STDERR_REDIRECT] Jul 29, 2024 8:02:26 PM java.util.prefs.FileSystemPreferences checkLockFile0ErrorCode
2024-07-29 20:02:26,747 [ERROR] LogOutputStream:75 - [STDERR_REDIRECT] WARNING: Could not lock System prefs. Unix error code 31504.
2024-07-29 20:02:26,747 [ERROR] LogOutputStream:75 - [STDERR_REDIRECT] 
2024-07-29 20:02:26,747 [ERROR] LogOutputStream:75 - [STDERR_REDIRECT] Jul 29, 2024 8:02:26 PM java.util.prefs.FileSystemPreferences syncWorld
2024-07-29 20:02:26,747 [ERROR] LogOutputStream:75 - [STDERR_REDIRECT] WARNING: Couldn't flush system prefs: java.util.prefs.BackingStoreException: Couldn't get file lock.
2024-07-29 20:02:26,747 [ERROR] LogOutputStream:75 - [STDERR_REDIRECT] 
2024-07-29 20:02:56,748 [ERROR] LogOutputStream:75 - [STDERR_REDIRECT] Jul 29, 2024 8:02:56 PM java.util.prefs.FileSystemPreferences checkLockFile0ErrorCode
2024-07-29 20:02:56,749 [ERROR] LogOutputStream:75 - [STDERR_REDIRECT] WARNING: Could not lock System prefs. Unix error code 31504.
2024-07-29 20:02:56,749 [ERROR] LogOutputStream:75 - [STDERR_REDIRECT] 
2024-07-29 20:02:56,750 [ERROR] LogOutputStream:75 - [STDERR_REDIRECT] Jul 29, 2024 8:02:56 PM java.util.prefs.FileSystemPreferences syncWorld
2024-07-29 20:02:56,750 [ERROR] LogOutputStream:75 - [STDERR_REDIRECT] WARNING: Couldn't flush system prefs: java.util.prefs.BackingStoreException: Couldn't get file lock.
2024-07-29 20:02:56,750 [ERROR] LogOutputStream:75 - [STDERR_REDIRECT] 
2024-07-29 20:03:26,749 [ERROR] LogOutputStream:75 - [STDERR_REDIRECT] Jul 29, 2024 8:03:26 PM java.util.prefs.FileSystemPreferences checkLockFile0ErrorCode
2024-07-29 20:03:26,749 [ERROR] LogOutputStream:75 - [STDERR_REDIRECT] WARNING: Could not lock System prefs. Unix error code 31504.
2024-07-29 20:03:26,749 [ERROR] LogOutputStream:75 - [STDERR_REDIRECT] 
2024-07-29 20:03:26,750 [ERROR] LogOutputStream:75 - [STDERR_REDIRECT] Jul 29, 2024 8:03:26 PM java.util.prefs.FileSystemPreferences syncWorld
2024-07-29 20:03:26,750 [ERROR] LogOutputStream:75 - [STDERR_REDIRECT] WARNING: Couldn't flush system prefs: java.util.prefs.BackingStoreException: Couldn't get file lock.
2024-07-29 20:03:26,750 [ERROR] LogOutputStream:75 - [STDERR_REDIRECT] 
2024-07-29 20:03:56,750 [ERROR] LogOutputStream:75 - [STDERR_REDIRECT] Jul 29, 2024 8:03:56 PM java.util.prefs.FileSystemPreferences checkLockFile0ErrorCode
2024-07-29 20:03:56,750 [ERROR] LogOutputStream:75 - [STDERR_REDIRECT] WARNING: Could not lock System prefs. Unix error code 31504.
2024-07-29 20:03:56,750 [ERROR] LogOutputStream:75 - [STDERR_REDIRECT] 
2024-07-29 20:03:56,751 [ERROR] LogOutputStream:75 - [STDERR_REDIRECT] Jul 29, 2024 8:03:56 PM java.util.prefs.FileSystemPreferences syncWorld
2024-07-29 20:03:56,751 [ERROR] LogOutputStream:75 - [STDERR_REDIRECT] WARNING: Couldn't flush system prefs: java.util.prefs.BackingStoreException: Couldn't get file lock.
2024-07-29 20:03:56,751 [ERROR] LogOutputStream:75 - [STDERR_REDIRECT] 
2024-07-29 20:04:26,749 [ERROR] LogOutputStream:75 - [STDERR_REDIRECT] Jul 29, 2024 8:04:26 PM java.util.prefs.FileSystemPreferences checkLockFile0ErrorCode
2024-07-29 20:04:26,750 [ERROR] LogOutputStream:75 - [STDERR_REDIRECT] WARNING: Could not lock System prefs. Unix error code 31504.
2024-07-29 20:04:26,750 [ERROR] LogOutputStream:75 - [STDERR_REDIRECT] 
2024-07-29 20:04:26,750 [ERROR] LogOutputStream:75 - [STDERR_REDIRECT] Jul 29, 2024 8:04:26 PM java.util.prefs.FileSystemPreferences syncWorld
2024-07-29 20:04:26,750 [ERROR] LogOutputStream:75 - [STDERR_REDIRECT] WARNING: Couldn't flush system prefs: java.util.prefs.BackingStoreException: Couldn't get file lock.
2024-07-29 20:04:26,750 [ERROR] LogOutputStream:75 - [STDERR_REDIRECT] 
2024-07-29 20:04:56,751 [ERROR] LogOutputStream:75 - [STDERR_REDIRECT] Jul 29, 2024 8:04:56 PM java.util.prefs.FileSystemPreferences checkLockFile0ErrorCode
2024-07-29 20:04:56,751 [ERROR] LogOutputStream:75 - [STDERR_REDIRECT] WARNING: Could not lock System prefs. Unix error code 31504.
2024-07-29 20:04:56,753 [ERROR] LogOutputStream:75 - [STDERR_REDIRECT] 
2024-07-29 20:04:56,754 [ERROR] LogOutputStream:75 - [STDERR_REDIRECT] Jul 29, 2024 8:04:56 PM java.util.prefs.FileSystemPreferences syncWorld
2024-07-29 20:04:56,754 [ERROR] LogOutputStream:75 - [STDERR_REDIRECT] WARNING: Couldn't flush system prefs: java.util.prefs.BackingStoreException: Couldn't get file lock.
2024-07-29 20:04:56,754 [ERROR] LogOutputStream:75 - [STDERR_REDIRECT] 
2024-07-29 20:05:26,751 [ERROR] LogOutputStream:75 - [STDERR_REDIRECT] Jul 29, 2024 8:05:26 PM java.util.prefs.FileSystemPreferences checkLockFile0ErrorCode
2024-07-29 20:05:26,751 [ERROR] LogOutputStream:75 - [STDERR_REDIRECT] WARNING: Could not lock System prefs. Unix error code 31504.
2024-07-29 20:05:26,752 [ERROR] LogOutputStream:75 - [STDERR_REDIRECT] 
2024-07-29 20:05:26,752 [ERROR] LogOutputStream:75 - [STDERR_REDIRECT] Jul 29, 2024 8:05:26 PM java.util.prefs.FileSystemPreferences syncWorld
2024-07-29 20:05:26,752 [ERROR] LogOutputStream:75 - [STDERR_REDIRECT] WARNING: Couldn't flush system prefs: java.util.prefs.BackingStoreException: Couldn't get file lock.
2024-07-29 20:05:26,753 [ERROR] LogOutputStream:75 - [STDERR_REDIRECT] 
2024-07-29 20:05:56,750 [ERROR] LogOutputStream:75 - [STDERR_REDIRECT] Jul 29, 2024 8:05:56 PM java.util.prefs.FileSystemPreferences checkLockFile0ErrorCode
2024-07-29 20:05:56,751 [ERROR] LogOutputStream:75 - [STDERR_REDIRECT] WARNING: Could not lock System prefs. Unix error code 31504.
2024-07-29 20:05:56,754 [ERROR] LogOutputStream:75 - [STDERR_REDIRECT] 
2024-07-29 20:05:56,755 [ERROR] LogOutputStream:75 - [STDERR_REDIRECT] Jul 29, 2024 8:05:56 PM java.util.prefs.FileSystemPreferences syncWorld
2024-07-29 20:05:56,755 [ERROR] LogOutputStream:75 - [STDERR_REDIRECT] WARNING: Couldn't flush system prefs: java.util.prefs.BackingStoreException: Couldn't get file lock.
2024-07-29 20:05:56,755 [ERROR] LogOutputStream:75 - [STDERR_REDIRECT] 
2024-07-29 20:06:26,750 [ERROR] LogOutputStream:75 - [STDERR_REDIRECT] Jul 29, 2024 8:06:26 PM java.util.prefs.FileSystemPreferences checkLockFile0ErrorCode
2024-07-29 20:06:26,750 [ERROR] LogOutputStream:75 - [STDERR_REDIRECT] WARNING: Could not lock System prefs. Unix error code 31504.
2024-07-29 20:06:26,751 [ERROR] LogOutputStream:75 - [STDERR_REDIRECT] 
2024-07-29 20:06:26,751 [ERROR] LogOutputStream:75 - [STDERR_REDIRECT] Jul 29, 2024 8:06:26 PM java.util.prefs.FileSystemPreferences syncWorld
2024-07-29 20:06:26,751 [ERROR] LogOutputStream:75 - [STDERR_REDIRECT] WARNING: Couldn't flush system prefs: java.util.prefs.BackingStoreException: Couldn't get file lock.
2024-07-29 20:06:26,751 [ERROR] LogOutputStream:75 - [STDERR_REDIRECT] 
2024-07-29 20:06:56,751 [ERROR] LogOutputStream:75 - [STDERR_REDIRECT] Jul 29, 2024 8:06:56 PM java.util.prefs.FileSystemPreferences checkLockFile0ErrorCode
2024-07-29 20:06:56,752 [ERROR] LogOutputStream:75 - [STDERR_REDIRECT] WARNING: Could not lock System prefs. Unix error code 31504.
2024-07-29 20:06:56,752 [ERROR] LogOutputStream:75 - [STDERR_REDIRECT] 
2024-07-29 20:06:56,753 [ERROR] LogOutputStream:75 - [STDERR_REDIRECT] Jul 29, 2024 8:06:56 PM java.util.prefs.FileSystemPreferences syncWorld
2024-07-29 20:06:56,753 [ERROR] LogOutputStream:75 - [STDERR_REDIRECT] WARNING: Couldn't flush system prefs: java.util.prefs.BackingStoreException: Couldn't get file lock.
2024-07-29 20:06:56,753 [ERROR] LogOutputStream:75 - [STDERR_REDIRECT] 
2024-07-29 20:07:26,752 [ERROR] LogOutputStream:75 - [STDERR_REDIRECT] Jul 29, 2024 8:07:26 PM java.util.prefs.FileSystemPreferences checkLockFile0ErrorCode
2024-07-29 20:07:26,752 [ERROR] LogOutputStream:75 - [STDERR_REDIRECT] WARNING: Could not lock System prefs. Unix error code 31504.
2024-07-29 20:07:26,752 [ERROR] LogOutputStream:75 - [STDERR_REDIRECT] 
2024-07-29 20:07:26,752 [ERROR] LogOutputStream:75 - [STDERR_REDIRECT] Jul 29, 2024 8:07:26 PM java.util.prefs.FileSystemPreferences syncWorld
2024-07-29 20:07:26,753 [ERROR] LogOutputStream:75 - [STDERR_REDIRECT] WARNING: Couldn't flush system prefs: java.util.prefs.BackingStoreException: Couldn't get file lock.
2024-07-29 20:07:26,753 [ERROR] LogOutputStream:75 - [STDERR_REDIRECT] 
2024-07-29 20:07:56,752 [ERROR] LogOutputStream:75 - [STDERR_REDIRECT] Jul 29, 2024 8:07:56 PM java.util.prefs.FileSystemPreferences checkLockFile0ErrorCode
2024-07-29 20:07:56,752 [ERROR] LogOutputStream:75 - [STDERR_REDIRECT] WARNING: Could not lock System prefs. Unix error code 31504.
2024-07-29 20:07:56,753 [ERROR] LogOutputStream:75 - [STDERR_REDIRECT] 
2024-07-29 20:07:56,753 [ERROR] LogOutputStream:75 - [STDERR_REDIRECT] Jul 29, 2024 8:07:56 PM java.util.prefs.FileSystemPreferences syncWorld
2024-07-29 20:07:56,754 [ERROR] LogOutputStream:75 - [STDERR_REDIRECT] WARNING: Couldn't flush system prefs: java.util.prefs.BackingStoreException: Couldn't get file lock.
2024-07-29 20:07:56,754 [ERROR] LogOutputStream:75 - [STDERR_REDIRECT] 
2024-07-29 20:08:26,752 [ERROR] LogOutputStream:75 - [STDERR_REDIRECT] Jul 29, 2024 8:08:26 PM java.util.prefs.FileSystemPreferences checkLockFile0ErrorCode
2024-07-29 20:08:26,752 [ERROR] LogOutputStream:75 - [STDERR_REDIRECT] WARNING: Could not lock System prefs. Unix error code 31504.
2024-07-29 20:08:26,752 [ERROR] LogOutputStream:75 - [STDERR_REDIRECT] 
2024-07-29 20:08:26,753 [ERROR] LogOutputStream:75 - [STDERR_REDIRECT] Jul 29, 2024 8:08:26 PM java.util.prefs.FileSystemPreferences syncWorld
2024-07-29 20:08:26,753 [ERROR] LogOutputStream:75 - [STDERR_REDIRECT] WARNING: Couldn't flush system prefs: java.util.prefs.BackingStoreException: Couldn't get file lock.
2024-07-29 20:08:26,753 [ERROR] LogOutputStream:75 - [STDERR_REDIRECT] 
2024-07-29 20:08:56,752 [ERROR] LogOutputStream:75 - [STDERR_REDIRECT] Jul 29, 2024 8:08:56 PM java.util.prefs.FileSystemPreferences checkLockFile0ErrorCode
2024-07-29 20:08:56,753 [ERROR] LogOutputStream:75 - [STDERR_REDIRECT] WARNING: Could not lock System prefs. Unix error code 31504.
2024-07-29 20:08:56,753 [ERROR] LogOutputStream:75 - [STDERR_REDIRECT] 
2024-07-29 20:08:56,754 [ERROR] LogOutputStream:75 - [STDERR_REDIRECT] Jul 29, 2024 8:08:56 PM java.util.prefs.FileSystemPreferences syncWorld
2024-07-29 20:08:56,754 [ERROR] LogOutputStream:75 - [STDERR_REDIRECT] WARNING: Couldn't flush system prefs: java.util.prefs.BackingStoreException: Couldn't get file lock.
2024-07-29 20:08:56,754 [ERROR] LogOutputStream:75 - [STDERR_REDIRECT] 
2024-07-29 20:09:26,754 [ERROR] LogOutputStream:75 - [STDERR_REDIRECT] Jul 29, 2024 8:09:26 PM java.util.prefs.FileSystemPreferences checkLockFile0ErrorCode
2024-07-29 20:09:26,754 [ERROR] LogOutputStream:75 - [STDERR_REDIRECT] WARNING: Could not lock System prefs. Unix error code 31504.
2024-07-29 20:09:26,754 [ERROR] LogOutputStream:75 - [STDERR_REDIRECT] 
2024-07-29 20:09:26,755 [ERROR] LogOutputStream:75 - [STDERR_REDIRECT] Jul 29, 2024 8:09:26 PM java.util.prefs.FileSystemPreferences syncWorld
2024-07-29 20:09:26,755 [ERROR] LogOutputStream:75 - [STDERR_REDIRECT] WARNING: Couldn't flush system prefs: java.util.prefs.BackingStoreException: Couldn't get file lock.
2024-07-29 20:09:26,755 [ERROR] LogOutputStream:75 - [STDERR_REDIRECT] 
2024-07-29 20:09:56,765 [ERROR] LogOutputStream:75 - [STDERR_REDIRECT] Jul 29, 2024 8:09:56 PM java.util.prefs.FileSystemPreferences checkLockFile0ErrorCode
2024-07-29 20:09:56,766 [ERROR] LogOutputStream:75 - [STDERR_REDIRECT] WARNING: Could not lock System prefs. Unix error code 31504.
2024-07-29 20:09:56,767 [ERROR] LogOutputStream:75 - [STDERR_REDIRECT] 
2024-07-29 20:09:56,767 [ERROR] LogOutputStream:75 - [STDERR_REDIRECT] Jul 29, 2024 8:09:56 PM java.util.prefs.FileSystemPreferences syncWorld
2024-07-29 20:09:56,767 [ERROR] LogOutputStream:75 - [STDERR_REDIRECT] WARNING: Couldn't flush system prefs: java.util.prefs.BackingStoreException: Couldn't get file lock.
2024-07-29 20:09:56,768 [ERROR] LogOutputStream:75 - [STDERR_REDIRECT] 
2024-07-29 20:10:26,754 [ERROR] LogOutputStream:75 - [STDERR_REDIRECT] Jul 29, 2024 8:10:26 PM java.util.prefs.FileSystemPreferences checkLockFile0ErrorCode
2024-07-29 20:10:26,754 [ERROR] LogOutputStream:75 - [STDERR_REDIRECT] WARNING: Could not lock System prefs. Unix error code 31504.
2024-07-29 20:10:26,755 [ERROR] LogOutputStream:75 - [STDERR_REDIRECT] 
2024-07-29 20:10:26,755 [ERROR] LogOutputStream:75 - [STDERR_REDIRECT] Jul 29, 2024 8:10:26 PM java.util.prefs.FileSystemPreferences syncWorld
2024-07-29 20:10:26,756 [ERROR] LogOutputStream:75 - [STDERR_REDIRECT] WARNING: Couldn't flush system prefs: java.util.prefs.BackingStoreException: Couldn't get file lock.
2024-07-29 20:10:26,756 [ERROR] LogOutputStream:75 - [STDERR_REDIRECT] 
2024-07-29 20:10:56,754 [ERROR] LogOutputStream:75 - [STDERR_REDIRECT] Jul 29, 2024 8:10:56 PM java.util.prefs.FileSystemPreferences checkLockFile0ErrorCode
2024-07-29 20:10:56,754 [ERROR] LogOutputStream:75 - [STDERR_REDIRECT] WARNING: Could not lock System prefs. Unix error code 1636299837.
2024-07-29 20:10:56,754 [ERROR] LogOutputStream:75 - [STDERR_REDIRECT] 
2024-07-29 20:10:56,755 [ERROR] LogOutputStream:75 - [STDERR_REDIRECT] Jul 29, 2024 8:10:56 PM java.util.prefs.FileSystemPreferences syncWorld
2024-07-29 20:10:56,755 [ERROR] LogOutputStream:75 - [STDERR_REDIRECT] WARNING: Couldn't flush system prefs: java.util.prefs.BackingStoreException: Couldn't get file lock.
2024-07-29 20:10:56,756 [ERROR] LogOutputStream:75 - [STDERR_REDIRECT] 
2024-07-29 20:11:26,756 [ERROR] LogOutputStream:75 - [STDERR_REDIRECT] Jul 29, 2024 8:11:26 PM java.util.prefs.FileSystemPreferences checkLockFile0ErrorCode
2024-07-29 20:11:26,757 [ERROR] LogOutputStream:75 - [STDERR_REDIRECT] WARNING: Could not lock System prefs. Unix error code 1636299837.
2024-07-29 20:11:26,757 [ERROR] LogOutputStream:75 - [STDERR_REDIRECT] 
2024-07-29 20:11:26,758 [ERROR] LogOutputStream:75 - [STDERR_REDIRECT] Jul 29, 2024 8:11:26 PM java.util.prefs.FileSystemPreferences syncWorld
2024-07-29 20:11:26,758 [ERROR] LogOutputStream:75 - [STDERR_REDIRECT] WARNING: Couldn't flush system prefs: java.util.prefs.BackingStoreException: Couldn't get file lock.
2024-07-29 20:11:26,758 [ERROR] LogOutputStream:75 - [STDERR_REDIRECT] 
2024-07-29 20:11:56,755 [ERROR] LogOutputStream:75 - [STDERR_REDIRECT] Jul 29, 2024 8:11:56 PM java.util.prefs.FileSystemPreferences checkLockFile0ErrorCode
2024-07-29 20:11:56,755 [ERROR] LogOutputStream:75 - [STDERR_REDIRECT] WARNING: Could not lock System prefs. Unix error code 1636299837.
2024-07-29 20:11:56,755 [ERROR] LogOutputStream:75 - [STDERR_REDIRECT] 
2024-07-29 20:11:56,756 [ERROR] LogOutputStream:75 - [STDERR_REDIRECT] Jul 29, 2024 8:11:56 PM java.util.prefs.FileSystemPreferences syncWorld
2024-07-29 20:11:56,756 [ERROR] LogOutputStream:75 - [STDERR_REDIRECT] WARNING: Couldn't flush system prefs: java.util.prefs.BackingStoreException: Couldn't get file lock.
2024-07-29 20:11:56,756 [ERROR] LogOutputStream:75 - [STDERR_REDIRECT] 
2024-07-29 20:12:26,755 [ERROR] LogOutputStream:75 - [STDERR_REDIRECT] Jul 29, 2024 8:12:26 PM java.util.prefs.FileSystemPreferences checkLockFile0ErrorCode
2024-07-29 20:12:26,755 [ERROR] LogOutputStream:75 - [STDERR_REDIRECT] WARNING: Could not lock System prefs. Unix error code 1636299837.
2024-07-29 20:12:26,755 [ERROR] LogOutputStream:75 - [STDERR_REDIRECT] 
2024-07-29 20:12:26,756 [ERROR] LogOutputStream:75 - [STDERR_REDIRECT] Jul 29, 2024 8:12:26 PM java.util.prefs.FileSystemPreferences syncWorld
2024-07-29 20:12:26,756 [ERROR] LogOutputStream:75 - [STDERR_REDIRECT] WARNING: Couldn't flush system prefs: java.util.prefs.BackingStoreException: Couldn't get file lock.
2024-07-29 20:12:26,756 [ERROR] LogOutputStream:75 - [STDERR_REDIRECT] 
2024-07-29 20:12:56,759 [ERROR] LogOutputStream:75 - [STDERR_REDIRECT] Jul 29, 2024 8:12:56 PM java.util.prefs.FileSystemPreferences checkLockFile0ErrorCode
2024-07-29 20:12:56,759 [ERROR] LogOutputStream:75 - [STDERR_REDIRECT] WARNING: Could not lock System prefs. Unix error code 1636299837.
2024-07-29 20:12:56,759 [ERROR] LogOutputStream:75 - [STDERR_REDIRECT] 
2024-07-29 20:12:56,760 [ERROR] LogOutputStream:75 - [STDERR_REDIRECT] Jul 29, 2024 8:12:56 PM java.util.prefs.FileSystemPreferences syncWorld
2024-07-29 20:12:56,760 [ERROR] LogOutputStream:75 - [STDERR_REDIRECT] WARNING: Couldn't flush system prefs: java.util.prefs.BackingStoreException: Couldn't get file lock.
2024-07-29 20:12:56,760 [ERROR] LogOutputStream:75 - [STDERR_REDIRECT] 
2024-07-29 20:13:26,757 [ERROR] LogOutputStream:75 - [STDERR_REDIRECT] Jul 29, 2024 8:13:26 PM java.util.prefs.FileSystemPreferences checkLockFile0ErrorCode
2024-07-29 20:13:26,757 [ERROR] LogOutputStream:75 - [STDERR_REDIRECT] WARNING: Could not lock System prefs. Unix error code 1636299837.
2024-07-29 20:13:26,758 [ERROR] LogOutputStream:75 - [STDERR_REDIRECT] 
2024-07-29 20:13:26,759 [ERROR] LogOutputStream:75 - [STDERR_REDIRECT] Jul 29, 2024 8:13:26 PM java.util.prefs.FileSystemPreferences syncWorld
2024-07-29 20:13:26,760 [ERROR] LogOutputStream:75 - [STDERR_REDIRECT] WARNING: Couldn't flush system prefs: java.util.prefs.BackingStoreException: Couldn't get file lock.
2024-07-29 20:13:26,760 [ERROR] LogOutputStream:75 - [STDERR_REDIRECT] 
2024-07-29 20:13:56,756 [ERROR] LogOutputStream:75 - [STDERR_REDIRECT] Jul 29, 2024 8:13:56 PM java.util.prefs.FileSystemPreferences checkLockFile0ErrorCode
2024-07-29 20:13:56,757 [ERROR] LogOutputStream:75 - [STDERR_REDIRECT] WARNING: Could not lock System prefs. Unix error code 1636299837.
2024-07-29 20:13:56,757 [ERROR] LogOutputStream:75 - [STDERR_REDIRECT] 
2024-07-29 20:13:56,758 [ERROR] LogOutputStream:75 - [STDERR_REDIRECT] Jul 29, 2024 8:13:56 PM java.util.prefs.FileSystemPreferences syncWorld
2024-07-29 20:13:56,759 [ERROR] LogOutputStream:75 - [STDERR_REDIRECT] WARNING: Couldn't flush system prefs: java.util.prefs.BackingStoreException: Couldn't get file lock.
2024-07-29 20:13:56,759 [ERROR] LogOutputStream:75 - [STDERR_REDIRECT] 
2024-07-29 20:14:26,756 [ERROR] LogOutputStream:75 - [STDERR_REDIRECT] Jul 29, 2024 8:14:26 PM java.util.prefs.FileSystemPreferences checkLockFile0ErrorCode
2024-07-29 20:14:26,756 [ERROR] LogOutputStream:75 - [STDERR_REDIRECT] WARNING: Could not lock System prefs. Unix error code 1636299837.
2024-07-29 20:14:26,756 [ERROR] LogOutputStream:75 - [STDERR_REDIRECT] 
2024-07-29 20:14:26,757 [ERROR] LogOutputStream:75 - [STDERR_REDIRECT] Jul 29, 2024 8:14:26 PM java.util.prefs.FileSystemPreferences syncWorld
2024-07-29 20:14:26,759 [ERROR] LogOutputStream:75 - [STDERR_REDIRECT] WARNING: Couldn't flush system prefs: java.util.prefs.BackingStoreException: Couldn't get file lock.
2024-07-29 20:14:26,759 [ERROR] LogOutputStream:75 - [STDERR_REDIRECT] 
2024-07-29 20:14:56,761 [ERROR] LogOutputStream:75 - [STDERR_REDIRECT] Jul 29, 2024 8:14:56 PM java.util.prefs.FileSystemPreferences checkLockFile0ErrorCode
2024-07-29 20:14:56,762 [ERROR] LogOutputStream:75 - [STDERR_REDIRECT] WARNING: Could not lock System prefs. Unix error code 1636299837.
2024-07-29 20:14:56,763 [ERROR] LogOutputStream:75 - [STDERR_REDIRECT] 
2024-07-29 20:14:56,764 [ERROR] LogOutputStream:75 - [STDERR_REDIRECT] Jul 29, 2024 8:14:56 PM java.util.prefs.FileSystemPreferences syncWorld
2024-07-29 20:14:56,764 [ERROR] LogOutputStream:75 - [STDERR_REDIRECT] WARNING: Couldn't flush system prefs: java.util.prefs.BackingStoreException: Couldn't get file lock.
2024-07-29 20:14:56,764 [ERROR] LogOutputStream:75 - [STDERR_REDIRECT] 
2024-07-29 20:15:26,757 [ERROR] LogOutputStream:75 - [STDERR_REDIRECT] Jul 29, 2024 8:15:26 PM java.util.prefs.FileSystemPreferences checkLockFile0ErrorCode
2024-07-29 20:15:26,758 [ERROR] LogOutputStream:75 - [STDERR_REDIRECT] WARNING: Could not lock System prefs. Unix error code 1636299837.
2024-07-29 20:15:26,759 [ERROR] LogOutputStream:75 - [STDERR_REDIRECT] 
2024-07-29 20:15:26,760 [ERROR] LogOutputStream:75 - [STDERR_REDIRECT] Jul 29, 2024 8:15:26 PM java.util.prefs.FileSystemPreferences syncWorld
2024-07-29 20:15:26,760 [ERROR] LogOutputStream:75 - [STDERR_REDIRECT] WARNING: Couldn't flush system prefs: java.util.prefs.BackingStoreException: Couldn't get file lock.
2024-07-29 20:15:26,761 [ERROR] LogOutputStream:75 - [STDERR_REDIRECT] 
2024-07-29 20:15:56,757 [ERROR] LogOutputStream:75 - [STDERR_REDIRECT] Jul 29, 2024 8:15:56 PM java.util.prefs.FileSystemPreferences checkLockFile0ErrorCode
2024-07-29 20:15:56,758 [ERROR] LogOutputStream:75 - [STDERR_REDIRECT] WARNING: Could not lock System prefs. Unix error code 1636299837.
2024-07-29 20:15:56,759 [ERROR] LogOutputStream:75 - [STDERR_REDIRECT] 
2024-07-29 20:15:56,760 [ERROR] LogOutputStream:75 - [STDERR_REDIRECT] Jul 29, 2024 8:15:56 PM java.util.prefs.FileSystemPreferences syncWorld
2024-07-29 20:15:56,760 [ERROR] LogOutputStream:75 - [STDERR_REDIRECT] WARNING: Couldn't flush system prefs: java.util.prefs.BackingStoreException: Couldn't get file lock.
2024-07-29 20:15:56,760 [ERROR] LogOutputStream:75 - [STDERR_REDIRECT] 
2024-07-29 20:16:26,757 [ERROR] LogOutputStream:75 - [STDERR_REDIRECT] Jul 29, 2024 8:16:26 PM java.util.prefs.FileSystemPreferences checkLockFile0ErrorCode
2024-07-29 20:16:26,758 [ERROR] LogOutputStream:75 - [STDERR_REDIRECT] WARNING: Could not lock System prefs. Unix error code 1636299837.
2024-07-29 20:16:26,759 [ERROR] LogOutputStream:75 - [STDERR_REDIRECT] 
2024-07-29 20:16:26,759 [ERROR] LogOutputStream:75 - [STDERR_REDIRECT] Jul 29, 2024 8:16:26 PM java.util.prefs.FileSystemPreferences syncWorld
2024-07-29 20:16:26,760 [ERROR] LogOutputStream:75 - [STDERR_REDIRECT] WARNING: Couldn't flush system prefs: java.util.prefs.BackingStoreException: Couldn't get file lock.
2024-07-29 20:16:26,760 [ERROR] LogOutputStream:75 - [STDERR_REDIRECT] 
2024-07-29 20:16:56,759 [ERROR] LogOutputStream:75 - [STDERR_REDIRECT] Jul 29, 2024 8:16:56 PM java.util.prefs.FileSystemPreferences checkLockFile0ErrorCode
2024-07-29 20:16:56,759 [ERROR] LogOutputStream:75 - [STDERR_REDIRECT] WARNING: Could not lock System prefs. Unix error code 1636299837.
2024-07-29 20:16:56,760 [ERROR] LogOutputStream:75 - [STDERR_REDIRECT] 
2024-07-29 20:16:56,761 [ERROR] LogOutputStream:75 - [STDERR_REDIRECT] Jul 29, 2024 8:16:56 PM java.util.prefs.FileSystemPreferences syncWorld
2024-07-29 20:16:56,762 [ERROR] LogOutputStream:75 - [STDERR_REDIRECT] WARNING: Couldn't flush system prefs: java.util.prefs.BackingStoreException: Couldn't get file lock.
2024-07-29 20:16:56,762 [ERROR] LogOutputStream:75 - [STDERR_REDIRECT] 
2024-07-29 20:17:26,759 [ERROR] LogOutputStream:75 - [STDERR_REDIRECT] Jul 29, 2024 8:17:26 PM java.util.prefs.FileSystemPreferences checkLockFile0ErrorCode
2024-07-29 20:17:26,759 [ERROR] LogOutputStream:75 - [STDERR_REDIRECT] WARNING: Could not lock System prefs. Unix error code 1636299837.
2024-07-29 20:17:26,760 [ERROR] LogOutputStream:75 - [STDERR_REDIRECT] 
2024-07-29 20:17:26,761 [ERROR] LogOutputStream:75 - [STDERR_REDIRECT] Jul 29, 2024 8:17:26 PM java.util.prefs.FileSystemPreferences syncWorld
2024-07-29 20:17:26,762 [ERROR] LogOutputStream:75 - [STDERR_REDIRECT] WARNING: Couldn't flush system prefs: java.util.prefs.BackingStoreException: Couldn't get file lock.
2024-07-29 20:17:26,762 [ERROR] LogOutputStream:75 - [STDERR_REDIRECT] 
2024-07-29 20:17:56,759 [ERROR] LogOutputStream:75 - [STDERR_REDIRECT] Jul 29, 2024 8:17:56 PM java.util.prefs.FileSystemPreferences checkLockFile0ErrorCode
2024-07-29 20:17:56,760 [ERROR] LogOutputStream:75 - [STDERR_REDIRECT] WARNING: Could not lock System prefs. Unix error code 1636299837.
2024-07-29 20:17:56,760 [ERROR] LogOutputStream:75 - [STDERR_REDIRECT] 
2024-07-29 20:17:56,760 [ERROR] LogOutputStream:75 - [STDERR_REDIRECT] Jul 29, 2024 8:17:56 PM java.util.prefs.FileSystemPreferences syncWorld
2024-07-29 20:17:56,761 [ERROR] LogOutputStream:75 - [STDERR_REDIRECT] WARNING: Couldn't flush system prefs: java.util.prefs.BackingStoreException: Couldn't get file lock.
2024-07-29 20:17:56,761 [ERROR] LogOutputStream:75 - [STDERR_REDIRECT] 
2024-07-29 20:18:26,762 [ERROR] LogOutputStream:75 - [STDERR_REDIRECT] Jul 29, 2024 8:18:26 PM java.util.prefs.FileSystemPreferences checkLockFile0ErrorCode
2024-07-29 20:18:26,762 [ERROR] LogOutputStream:75 - [STDERR_REDIRECT] WARNING: Could not lock System prefs. Unix error code 1636299837.
2024-07-29 20:18:26,763 [ERROR] LogOutputStream:75 - [STDERR_REDIRECT] 
2024-07-29 20:18:26,763 [ERROR] LogOutputStream:75 - [STDERR_REDIRECT] Jul 29, 2024 8:18:26 PM java.util.prefs.FileSystemPreferences syncWorld
2024-07-29 20:18:26,763 [ERROR] LogOutputStream:75 - [STDERR_REDIRECT] WARNING: Couldn't flush system prefs: java.util.prefs.BackingStoreException: Couldn't get file lock.
2024-07-29 20:18:26,763 [ERROR] LogOutputStream:75 - [STDERR_REDIRECT] 
2024-07-29 20:18:56,762 [ERROR] LogOutputStream:75 - [STDERR_REDIRECT] Jul 29, 2024 8:18:56 PM java.util.prefs.FileSystemPreferences checkLockFile0ErrorCode
2024-07-29 20:18:56,762 [ERROR] LogOutputStream:75 - [STDERR_REDIRECT] WARNING: Could not lock System prefs. Unix error code 1636299837.
2024-07-29 20:18:56,763 [ERROR] LogOutputStream:75 - [STDERR_REDIRECT] 
2024-07-29 20:18:56,763 [ERROR] LogOutputStream:75 - [STDERR_REDIRECT] Jul 29, 2024 8:18:56 PM java.util.prefs.FileSystemPreferences syncWorld
2024-07-29 20:18:56,764 [ERROR] LogOutputStream:75 - [STDERR_REDIRECT] WARNING: Couldn't flush system prefs: java.util.prefs.BackingStoreException: Couldn't get file lock.
2024-07-29 20:18:56,764 [ERROR] LogOutputStream:75 - [STDERR_REDIRECT] 
2024-07-29 20:19:26,759 [ERROR] LogOutputStream:75 - [STDERR_REDIRECT] Jul 29, 2024 8:19:26 PM java.util.prefs.FileSystemPreferences checkLockFile0ErrorCode
2024-07-29 20:19:26,760 [ERROR] LogOutputStream:75 - [STDERR_REDIRECT] WARNING: Could not lock System prefs. Unix error code 1636299837.
2024-07-29 20:19:26,760 [ERROR] LogOutputStream:75 - [STDERR_REDIRECT] 
2024-07-29 20:19:26,760 [ERROR] LogOutputStream:75 - [STDERR_REDIRECT] Jul 29, 2024 8:19:26 PM java.util.prefs.FileSystemPreferences syncWorld
2024-07-29 20:19:26,761 [ERROR] LogOutputStream:75 - [STDERR_REDIRECT] WARNING: Couldn't flush system prefs: java.util.prefs.BackingStoreException: Couldn't get file lock.
2024-07-29 20:19:26,761 [ERROR] LogOutputStream:75 - [STDERR_REDIRECT] 
2024-07-29 20:19:56,760 [ERROR] LogOutputStream:75 - [STDERR_REDIRECT] Jul 29, 2024 8:19:56 PM java.util.prefs.FileSystemPreferences checkLockFile0ErrorCode
2024-07-29 20:19:56,761 [ERROR] LogOutputStream:75 - [STDERR_REDIRECT] WARNING: Could not lock System prefs. Unix error code 1636299837.
2024-07-29 20:19:56,761 [ERROR] LogOutputStream:75 - [STDERR_REDIRECT] 
2024-07-29 20:19:56,762 [ERROR] LogOutputStream:75 - [STDERR_REDIRECT] Jul 29, 2024 8:19:56 PM java.util.prefs.FileSystemPreferences syncWorld
2024-07-29 20:19:56,763 [ERROR] LogOutputStream:75 - [STDERR_REDIRECT] WARNING: Couldn't flush system prefs: java.util.prefs.BackingStoreException: Couldn't get file lock.
2024-07-29 20:19:56,763 [ERROR] LogOutputStream:75 - [STDERR_REDIRECT] 
2024-07-29 20:20:26,760 [ERROR] LogOutputStream:75 - [STDERR_REDIRECT] Jul 29, 2024 8:20:26 PM java.util.prefs.FileSystemPreferences checkLockFile0ErrorCode
2024-07-29 20:20:26,761 [ERROR] LogOutputStream:75 - [STDERR_REDIRECT] WARNING: Could not lock System prefs. Unix error code 1636299837.
2024-07-29 20:20:26,761 [ERROR] LogOutputStream:75 - [STDERR_REDIRECT] 
2024-07-29 20:20:26,763 [ERROR] LogOutputStream:75 - [STDERR_REDIRECT] Jul 29, 2024 8:20:26 PM java.util.prefs.FileSystemPreferences syncWorld
2024-07-29 20:20:26,763 [ERROR] LogOutputStream:75 - [STDERR_REDIRECT] WARNING: Couldn't flush system prefs: java.util.prefs.BackingStoreException: Couldn't get file lock.
2024-07-29 20:20:26,763 [ERROR] LogOutputStream:75 - [STDERR_REDIRECT] 
2024-07-29 20:20:42,942 [ERROR] LogOutputStream:75 - [STDERR_REDIRECT] 2024-07-29 20:20:42.935:INFO :jei.FileDataWriter:main: Interruptible file channel will be used
2024-07-29 20:20:42,943 [ERROR] LogOutputStream:75 - [STDERR_REDIRECT] java.lang.reflect.InaccessibleObjectException: Unable to make public void sun.nio.ch.FileChannelImpl.setUninterruptible() accessible: module java.base does not "exports sun.nio.ch" to unnamed module @1ff46975
2024-07-29 20:20:42,943 [ERROR] LogOutputStream:75 - [STDERR_REDIRECT] 	at java.base/java.lang.reflect.AccessibleObject.checkCanSetAccessible(AccessibleObject.java:354)
2024-07-29 20:20:42,944 [ERROR] LogOutputStream:75 - [STDERR_REDIRECT] 	at java.base/java.lang.reflect.AccessibleObject.checkCanSetAccessible(AccessibleObject.java:297)
2024-07-29 20:20:42,944 [ERROR] LogOutputStream:75 - [STDERR_REDIRECT] 	at java.base/java.lang.reflect.Method.checkCanSetAccessible(Method.java:199)
2024-07-29 20:20:42,944 [ERROR] LogOutputStream:75 - [STDERR_REDIRECT] 	at java.base/java.lang.reflect.Method.setAccessible(Method.java:193)
2024-07-29 20:20:42,944 [ERROR] LogOutputStream:75 - [STDERR_REDIRECT] 	at jetbrains.exodus.io.FileDataWriter$Companion$setUninterruptibleMethod$1.invoke(FileDataWriter.kt:188)
2024-07-29 20:20:42,944 [ERROR] LogOutputStream:75 - [STDERR_REDIRECT] 	at jetbrains.exodus.io.FileDataWriter$Companion$setUninterruptibleMethod$1.invoke(FileDataWriter.kt:185)
2024-07-29 20:20:42,945 [ERROR] LogOutputStream:75 - [STDERR_REDIRECT] 	at jetbrains.exodus.util.UnsafeHolder.doPrivileged$lambda-0(UnsafeHolder.kt:30)
2024-07-29 20:20:42,945 [ERROR] LogOutputStream:75 - [STDERR_REDIRECT] 	at java.base/java.security.AccessController.doPrivileged(AccessController.java:569)
2024-07-29 20:20:42,945 [ERROR] LogOutputStream:75 - [STDERR_REDIRECT] 	at jetbrains.exodus.util.UnsafeHolder.doPrivileged(UnsafeHolder.kt:29)
2024-07-29 20:20:42,945 [ERROR] LogOutputStream:75 - [STDERR_REDIRECT] 	at jetbrains.exodus.io.FileDataWriter.<clinit>(FileDataWriter.kt:185)
2024-07-29 20:20:42,945 [ERROR] LogOutputStream:75 - [STDERR_REDIRECT] 	at jetbrains.exodus.io.FileDataReaderWriterProvider.newFileDataWriter(FileDataReaderWriterProvider.kt:48)
2024-07-29 20:20:42,946 [ERROR] LogOutputStream:75 - [STDERR_REDIRECT] 	at jetbrains.exodus.io.FileDataReaderWriterProvider.newReaderWriter(FileDataReaderWriterProvider.kt:30)
2024-07-29 20:20:42,946 [ERROR] LogOutputStream:75 - [STDERR_REDIRECT] 	at jetbrains.exodus.log.LogConfig.createReaderWriter(LogConfig.java:359)
2024-07-29 20:20:42,946 [ERROR] LogOutputStream:75 - [STDERR_REDIRECT] 	at jetbrains.exodus.log.LogConfig.getReader(LogConfig.java:125)
2024-07-29 20:20:42,946 [ERROR] LogOutputStream:75 - [STDERR_REDIRECT] 	at jetbrains.exodus.log.Log.<init>(Log.kt:52)
2024-07-29 20:20:42,946 [ERROR] LogOutputStream:75 - [STDERR_REDIRECT] 	at jetbrains.exodus.env.Environments.newLogInstance(Environments.kt:117)
2024-07-29 20:20:42,947 [ERROR] LogOutputStream:75 - [STDERR_REDIRECT] 	at jetbrains.exodus.env.Environments.newLogInstance(Environments.kt:81)
2024-07-29 20:20:42,947 [ERROR] LogOutputStream:75 - [STDERR_REDIRECT] 	at jetbrains.exodus.env.Environments.newLogInstance(Environments.kt:77)
2024-07-29 20:20:42,947 [ERROR] LogOutputStream:75 - [STDERR_REDIRECT] 	at jetbrains.exodus.env.Environments$newInstance$4.invoke(Environments.kt:46)
2024-07-29 20:20:42,947 [ERROR] LogOutputStream:75 - [STDERR_REDIRECT] 	at jetbrains.exodus.env.Environments$newInstance$4.invoke(Environments.kt:46)
2024-07-29 20:20:42,947 [ERROR] LogOutputStream:75 - [STDERR_REDIRECT] 	at jetbrains.exodus.env.Environments.prepare(Environments.kt:120)
2024-07-29 20:20:42,948 [ERROR] LogOutputStream:75 - [STDERR_REDIRECT] 	at jetbrains.exodus.env.Environments.newInstance(Environments.kt:46)
2024-07-29 20:20:42,948 [ERROR] LogOutputStream:75 - [STDERR_REDIRECT] 	at jetbrains.exodus.entitystore.PersistentEntityStores.newInstance(PersistentEntityStores.java:64)
2024-07-29 20:20:42,948 [ERROR] LogOutputStream:75 - [STDERR_REDIRECT] 	at jetbrains.exodus.entitystore.PersistentEntityStores.newInstance(PersistentEntityStores.java:70)
2024-07-29 20:20:42,948 [ERROR] LogOutputStream:75 - [STDERR_REDIRECT] 	at com.genuitec.copilot4eclipse.chat.persistence.ChatPersistenceManager.init(ChatPersistenceManager.java:56)
2024-07-29 20:20:42,948 [ERROR] LogOutputStream:75 - [STDERR_REDIRECT] 	at com.genuitec.copilot4eclipse.chat.persistence.ChatPersistenceManager.<init>(ChatPersistenceManager.java:45)
2024-07-29 20:20:42,949 [ERROR] LogOutputStream:75 - [STDERR_REDIRECT] 	at com.genuitec.copilot4eclipse.chat.ChatService.init(ChatService.java:142)
2024-07-29 20:20:42,949 [ERROR] LogOutputStream:75 - [STDERR_REDIRECT] 	at com.genuitec.copilot4eclipse.chat.ChatService.statusChanged(ChatService.java:697)
2024-07-29 20:20:42,949 [ERROR] LogOutputStream:75 - [STDERR_REDIRECT] 	at com.genuitec.copilot4eclipse.chat.ChatService.<init>(ChatService.java:133)
2024-07-29 20:20:42,949 [ERROR] LogOutputStream:75 - [STDERR_REDIRECT] 	at com.genuitec.copilot4eclipse.chat.ChatService$LazyHolder.<clinit>(ChatService.java:110)
2024-07-29 20:20:42,949 [ERROR] LogOutputStream:75 - [STDERR_REDIRECT] 	at com.genuitec.copilot4eclipse.chat.ChatService.getInstance(ChatService.java:114)
2024-07-29 20:20:42,950 [ERROR] LogOutputStream:75 - [STDERR_REDIRECT] 	at com.genuitec.copilot4eclipse.chat.ChatUtils.getChatService(ChatUtils.java:34)
2024-07-29 20:20:42,950 [ERROR] LogOutputStream:75 - [STDERR_REDIRECT] 	at com.genuitec.copilot4eclipse.chat.ui.ChatPopupMenuContribution.createSkillMenuItems(ChatPopupMenuContribution.java:181)
2024-07-29 20:20:42,950 [ERROR] LogOutputStream:75 - [STDERR_REDIRECT] 	at com.genuitec.copilot4eclipse.chat.ui.ChatPopupMenuContribution.getContributionItems(ChatPopupMenuContribution.java:100)
2024-07-29 20:20:42,951 [ERROR] LogOutputStream:75 - [STDERR_REDIRECT] 	at org.eclipse.ui.actions.CompoundContributionItem.getContributionItemsToFill(CompoundContributionItem.java:83)
2024-07-29 20:20:42,951 [ERROR] LogOutputStream:75 - [STDERR_REDIRECT] 	at org.eclipse.ui.actions.CompoundContributionItem.fill(CompoundContributionItem.java:57)
2024-07-29 20:20:42,951 [ERROR] LogOutputStream:75 - [STDERR_REDIRECT] 	at org.eclipse.ui.internal.menus.DynamicMenuContributionItem.fill(DynamicMenuContributionItem.java:146)
2024-07-29 20:20:42,951 [ERROR] LogOutputStream:75 - [STDERR_REDIRECT] 	at org.eclipse.jface.action.MenuManager.doItemFill(MenuManager.java:729)
2024-07-29 20:20:42,951 [ERROR] LogOutputStream:75 - [STDERR_REDIRECT] 	at org.eclipse.jface.action.MenuManager.update(MenuManager.java:806)
2024-07-29 20:20:42,952 [ERROR] LogOutputStream:75 - [STDERR_REDIRECT] 	at org.eclipse.jface.action.MenuManager.update(MenuManager.java:673)
2024-07-29 20:20:42,952 [ERROR] LogOutputStream:75 - [STDERR_REDIRECT] 	at org.eclipse.e4.ui.workbench.renderers.swt.MenuManagerRenderer.scheduleManagerUpdate(MenuManagerRenderer.java:1227)
2024-07-29 20:20:42,952 [ERROR] LogOutputStream:75 - [STDERR_REDIRECT] 	at org.eclipse.e4.ui.workbench.renderers.swt.MenuManagerRenderer.processContents(MenuManagerRenderer.java:655)
2024-07-29 20:20:42,952 [ERROR] LogOutputStream:75 - [STDERR_REDIRECT] 	at org.eclipse.e4.ui.workbench.renderers.swt.MenuManagerRenderer.subscribeTopicChildAdded(MenuManagerRenderer.java:325)
2024-07-29 20:20:42,953 [ERROR] LogOutputStream:75 - [STDERR_REDIRECT] 	at jdk.internal.reflect.GeneratedMethodAccessor27.invoke(Unknown Source)
2024-07-29 20:20:42,953 [ERROR] LogOutputStream:75 - [STDERR_REDIRECT] 	at java.base/jdk.internal.reflect.DelegatingMethodAccessorImpl.invoke(DelegatingMethodAccessorImpl.java:43)
2024-07-29 20:20:42,953 [ERROR] LogOutputStream:75 - [STDERR_REDIRECT] 	at java.base/java.lang.reflect.Method.invoke(Method.java:568)
2024-07-29 20:20:42,953 [ERROR] LogOutputStream:75 - [STDERR_REDIRECT] 	at org.eclipse.e4.core.internal.di.MethodRequestor.execute(MethodRequestor.java:58)
2024-07-29 20:20:42,953 [ERROR] LogOutputStream:75 - [STDERR_REDIRECT] 	at org.eclipse.swt.widgets.Synchronizer.syncExec(Synchronizer.java:183)
2024-07-29 20:20:42,954 [ERROR] LogOutputStream:75 - [STDERR_REDIRECT] 	at org.eclipse.ui.internal.UISynchronizer.syncExec(UISynchronizer.java:133)
2024-07-29 20:20:42,954 [ERROR] LogOutputStream:75 - [STDERR_REDIRECT] 	at org.eclipse.swt.widgets.Display.syncExec(Display.java:5959)
2024-07-29 20:20:42,954 [ERROR] LogOutputStream:75 - [STDERR_REDIRECT] 	at org.eclipse.e4.ui.workbench.swt.DisplayUISynchronize.syncExec(DisplayUISynchronize.java:34)
2024-07-29 20:20:42,954 [ERROR] LogOutputStream:75 - [STDERR_REDIRECT] 	at org.eclipse.e4.ui.internal.di.UIEventObjectSupplier$UIEventHandler.handleEvent(UIEventObjectSupplier.java:64)
2024-07-29 20:20:42,954 [ERROR] LogOutputStream:75 - [STDERR_REDIRECT] 	at org.eclipse.equinox.internal.event.EventHandlerWrapper.handleEvent(EventHandlerWrapper.java:208)
2024-07-29 20:20:42,955 [ERROR] LogOutputStream:75 - [STDERR_REDIRECT] 	at org.eclipse.equinox.internal.event.EventHandlerTracker.dispatchEvent(EventHandlerTracker.java:206)
2024-07-29 20:20:42,955 [ERROR] LogOutputStream:75 - [STDERR_REDIRECT] 	at org.eclipse.equinox.internal.event.EventHandlerTracker.dispatchEvent(EventHandlerTracker.java:1)
2024-07-29 20:20:42,955 [ERROR] LogOutputStream:75 - [STDERR_REDIRECT] 	at org.eclipse.osgi.framework.eventmgr.EventManager.dispatchEvent(EventManager.java:234)
2024-07-29 20:20:42,955 [ERROR] LogOutputStream:75 - [STDERR_REDIRECT] 	at org.eclipse.osgi.framework.eventmgr.ListenerQueue.dispatchEventSynchronous(ListenerQueue.java:151)
2024-07-29 20:20:42,955 [ERROR] LogOutputStream:75 - [STDERR_REDIRECT] 	at org.eclipse.equinox.internal.event.EventAdminImpl.dispatchEvent(EventAdminImpl.java:133)
2024-07-29 20:20:42,956 [ERROR] LogOutputStream:75 - [STDERR_REDIRECT] 	at org.eclipse.equinox.internal.event.EventAdminImpl.sendEvent(EventAdminImpl.java:75)
2024-07-29 20:20:42,956 [ERROR] LogOutputStream:75 - [STDERR_REDIRECT] 	at org.eclipse.equinox.internal.event.EventComponent.sendEvent(EventComponent.java:44)
2024-07-29 20:20:42,956 [ERROR] LogOutputStream:75 - [STDERR_REDIRECT] 	at org.eclipse.e4.ui.services.internal.events.EventBroker.send(EventBroker.java:55)
2024-07-29 20:20:42,956 [ERROR] LogOutputStream:75 - [STDERR_REDIRECT] 	at org.eclipse.e4.ui.internal.workbench.UIEventPublisher.notifyChanged(UIEventPublisher.java:63)
2024-07-29 20:20:42,956 [ERROR] LogOutputStream:75 - [STDERR_REDIRECT] 	at org.eclipse.emf.common.notify.impl.BasicNotifierImpl.eNotify(BasicNotifierImpl.java:424)
2024-07-29 20:20:42,957 [ERROR] LogOutputStream:75 - [STDERR_REDIRECT] 	at org.eclipse.emf.ecore.util.EcoreEList.dispatchNotification(EcoreEList.java:249)
2024-07-29 20:20:42,957 [ERROR] LogOutputStream:75 - [STDERR_REDIRECT] 	at org.eclipse.emf.common.notify.impl.NotifyingListImpl.addUnique(NotifyingListImpl.java:356)
2024-07-29 20:20:42,957 [ERROR] LogOutputStream:75 - [STDERR_REDIRECT] 	at org.eclipse.emf.common.util.AbstractEList.add(AbstractEList.java:340)
2024-07-29 20:20:42,957 [ERROR] LogOutputStream:75 - [STDERR_REDIRECT] 	at org.eclipse.e4.ui.workbench.renderers.swt.ContributionRecord.mergeIntoModel(ContributionRecord.java:253)
2024-07-29 20:20:42,957 [ERROR] LogOutputStream:75 - [STDERR_REDIRECT] 	at org.eclipse.e4.ui.workbench.renderers.swt.MenuManagerRenderer.processAddition(MenuManagerRenderer.java:551)
2024-07-29 20:20:42,958 [ERROR] LogOutputStream:75 - [STDERR_REDIRECT] 	at org.eclipse.e4.ui.workbench.renderers.swt.MenuManagerRenderer.generateContributions(MenuManagerRenderer.java:531)
2024-07-29 20:20:42,958 [ERROR] LogOutputStream:75 - [STDERR_REDIRECT] 	at org.eclipse.e4.ui.workbench.renderers.swt.MenuManagerRenderer.processContributions(MenuManagerRenderer.java:499)
2024-07-29 20:20:42,958 [ERROR] LogOutputStream:75 - [STDERR_REDIRECT] 	at org.eclipse.ui.internal.PopupMenuExtender.addMenuContributions(PopupMenuExtender.java:380)
2024-07-29 20:20:42,958 [ERROR] LogOutputStream:75 - [STDERR_REDIRECT] 	at org.eclipse.ui.internal.PopupMenuExtender.menuAboutToShow(PopupMenuExtender.java:355)
2024-07-29 20:20:42,958 [ERROR] LogOutputStream:75 - [STDERR_REDIRECT] 	at org.eclipse.jface.action.MenuManager.fireAboutToShow(MenuManager.java:338)
2024-07-29 20:20:42,959 [ERROR] LogOutputStream:75 - [STDERR_REDIRECT] 	at org.eclipse.jface.action.MenuManager.handleAboutToShow(MenuManager.java:468)
2024-07-29 20:20:42,959 [ERROR] LogOutputStream:75 - [STDERR_REDIRECT] 	at org.eclipse.jface.action.MenuManager$2.menuShown(MenuManager.java:495)
2024-07-29 20:20:42,959 [ERROR] LogOutputStream:75 - [STDERR_REDIRECT] 	at org.eclipse.swt.widgets.TypedListener.handleEvent(TypedListener.java:259)
2024-07-29 20:20:42,959 [ERROR] LogOutputStream:75 - [STDERR_REDIRECT] 	at org.eclipse.swt.widgets.EventTable.sendEvent(EventTable.java:89)
2024-07-29 20:20:42,959 [ERROR] LogOutputStream:75 - [STDERR_REDIRECT] 	at org.eclipse.swt.widgets.Display.sendEvent(Display.java:5854)
2024-07-29 20:20:42,960 [ERROR] LogOutputStream:75 - [STDERR_REDIRECT] 	at org.eclipse.swt.widgets.Widget.sendEvent(Widget.java:1529)
2024-07-29 20:20:42,960 [ERROR] LogOutputStream:75 - [STDERR_REDIRECT] 	at org.eclipse.swt.widgets.Widget.sendEvent(Widget.java:1555)
2024-07-29 20:20:42,960 [ERROR] LogOutputStream:75 - [STDERR_REDIRECT] 	at org.eclipse.swt.widgets.Widget.sendEvent(Widget.java:1534)
2024-07-29 20:20:42,960 [ERROR] LogOutputStream:75 - [STDERR_REDIRECT] 	at org.eclipse.swt.widgets.Menu._setVisible(Menu.java:290)
2024-07-29 20:20:42,961 [ERROR] LogOutputStream:75 - [STDERR_REDIRECT] 	at org.eclipse.swt.widgets.Display.runPopups(Display.java:5106)
2024-07-29 20:20:42,961 [ERROR] LogOutputStream:75 - [STDERR_REDIRECT] 	at org.eclipse.swt.widgets.Display.readAndDispatch(Display.java:4507)
2024-07-29 20:20:42,961 [ERROR] LogOutputStream:75 - [STDERR_REDIRECT] 	at org.eclipse.e4.ui.internal.workbench.swt.PartRenderingEngine$5.run(PartRenderingEngine.java:1155)
2024-07-29 20:20:42,961 [ERROR] LogOutputStream:75 - [STDERR_REDIRECT] 	at org.eclipse.core.databinding.observable.Realm.runWithDefault(Realm.java:342)
2024-07-29 20:20:42,961 [ERROR] LogOutputStream:75 - [STDERR_REDIRECT] 	at org.eclipse.e4.ui.internal.workbench.swt.PartRenderingEngine.run(PartRenderingEngine.java:1046)
2024-07-29 20:20:42,962 [ERROR] LogOutputStream:75 - [STDERR_REDIRECT] 	at org.eclipse.e4.ui.internal.workbench.E4Workbench.createAndRunUI(E4Workbench.java:155)
2024-07-29 20:20:42,962 [ERROR] LogOutputStream:75 - [STDERR_REDIRECT] 	at org.eclipse.ui.internal.Workbench.lambda$3(Workbench.java:648)
2024-07-29 20:20:42,962 [ERROR] LogOutputStream:75 - [STDERR_REDIRECT] 	at org.eclipse.core.databinding.observable.Realm.runWithDefault(Realm.java:342)
2024-07-29 20:20:42,962 [ERROR] LogOutputStream:75 - [STDERR_REDIRECT] 	at org.eclipse.ui.internal.Workbench.createAndRunWorkbench(Workbench.java:555)
2024-07-29 20:20:42,962 [ERROR] LogOutputStream:75 - [STDERR_REDIRECT] 	at org.eclipse.ui.PlatformUI.createAndRunWorkbench(PlatformUI.java:173)
2024-07-29 20:20:42,963 [ERROR] LogOutputStream:75 - [STDERR_REDIRECT] 	at org.eclipse.ui.internal.ide.application.IDEApplication.start(IDEApplication.java:152)
2024-07-29 20:20:42,963 [ERROR] LogOutputStream:75 - [STDERR_REDIRECT] 	at org.eclipse.equinox.internal.app.EclipseAppHandle.run(EclipseAppHandle.java:208)
2024-07-29 20:20:42,963 [ERROR] LogOutputStream:75 - [STDERR_REDIRECT] 	at org.eclipse.core.runtime.internal.adaptor.EclipseAppLauncher.runApplication(EclipseAppLauncher.java:136)
2024-07-29 20:20:42,963 [ERROR] LogOutputStream:75 - [STDERR_REDIRECT] 	at org.eclipse.core.runtime.internal.adaptor.EclipseAppLauncher.start(EclipseAppLauncher.java:104)
2024-07-29 20:20:42,963 [ERROR] LogOutputStream:75 - [STDERR_REDIRECT] 	at org.eclipse.core.runtime.adaptor.EclipseStarter.run(EclipseStarter.java:402)
2024-07-29 20:20:42,964 [ERROR] LogOutputStream:75 - [STDERR_REDIRECT] 	at org.eclipse.core.runtime.adaptor.EclipseStarter.run(EclipseStarter.java:255)
2024-07-29 20:20:42,964 [ERROR] LogOutputStream:75 - [STDERR_REDIRECT] 	at java.base/jdk.internal.reflect.NativeMethodAccessorImpl.invoke0(Native Method)
2024-07-29 20:20:42,964 [ERROR] LogOutputStream:75 - [STDERR_REDIRECT] 	at java.base/jdk.internal.reflect.NativeMethodAccessorImpl.invoke(NativeMethodAccessorImpl.java:77)
2024-07-29 20:20:42,964 [ERROR] LogOutputStream:75 - [STDERR_REDIRECT] 	at java.base/jdk.internal.reflect.DelegatingMethodAccessorImpl.invoke(DelegatingMethodAccessorImpl.java:43)
2024-07-29 20:20:42,964 [ERROR] LogOutputStream:75 - [STDERR_REDIRECT] 	at java.base/java.lang.reflect.Method.invoke(Method.java:568)
2024-07-29 20:20:42,964 [ERROR] LogOutputStream:75 - [STDERR_REDIRECT] 	at org.eclipse.equinox.launcher.Main.invokeFramework(Main.java:651)
2024-07-29 20:20:42,965 [ERROR] LogOutputStream:75 - [STDERR_REDIRECT] 	at org.eclipse.equinox.launcher.Main.basicRun(Main.java:588)
2024-07-29 20:20:42,965 [ERROR] LogOutputStream:75 - [STDERR_REDIRECT] 	at org.eclipse.equinox.launcher.Main.run(Main.java:1459)
2024-07-29 20:20:42,965 [ERROR] LogOutputStream:75 - [STDERR_REDIRECT] 	at org.eclipse.equinox.launcher.Main.main(Main.java:1432)
2024-07-29 20:20:43,337 [ERROR] LogOutputStream:75 - [STDERR_REDIRECT] 2024-07-29 20:20:43.335:INFO :jee.EnvironmentImpl:main: Exodus environment created: /home/juanma/Documentos/Carrera_de_Especializacion_en_Sistemas_Embebidos/Programacion_de_microcontroladores/PdM_workspace/.metadata/.plugins/com.genuitec.copilot4eclipse/chatdata
2024-07-29 20:20:43,538 [INFO] LogOutputStream:77 - [STDOUT_REDIRECT] Working directory: /opt/st/stm32cubeide_1.15.1/../../../home/juanma/.eclipse/com.st.stm32cube.ide.mcu.rcp.product_1.15.1_139064214_linux_gtk_x86_64/plugins/com.genuitec.copilot4eclipse_1.2.1.202406240349/agent/dist
2024-07-29 20:20:43,802 [ERROR] LogOutputStream:75 - [STDERR_REDIRECT] 2024-07-29 20:20:43.800:WARN :oejsh.ContextHandler:Worker-36: Jetty Service: o.e.j.s.ServletContextHandler@204cb88b{/,null,STOPPED} contextPath ends with /
2024-07-29 20:20:43,848 [ERROR] LogOutputStream:75 - [STDERR_REDIRECT] 2024-07-29 20:20:43.847:INFO :oejs.Server:Worker-36: Jetty Service: jetty-10.0.20; built: 2024-01-29T20:46:45.278Z; git: 3a745c71c23682146f262b99f4ddc4c1bc41630c; jvm 17.0.8.1+1
2024-07-29 20:20:44,005 [ERROR] LogOutputStream:75 - [STDERR_REDIRECT] 2024-07-29 20:20:44.005:INFO :oejss.DefaultSessionIdManager:Worker-36: Jetty Service: Session workerName=node0
2024-07-29 20:20:44,011 [ERROR] LogOutputStream:75 - [STDERR_REDIRECT] 2024-07-29 20:20:44.011:INFO :oejsh.ContextHandler:Worker-36: Jetty Service: Started o.e.j.s.ServletContextHandler@204cb88b{/chat,null,AVAILABLE}
2024-07-29 20:20:44,016 [ERROR] LogOutputStream:75 - [STDERR_REDIRECT] 2024-07-29 20:20:44.016:INFO :oejs.AbstractConnector:Worker-36: Jetty Service: Started ServerConnector@2cb15bca{HTTP/1.1, (http/1.1)}{0.0.0.0:40793}
2024-07-29 20:20:44,018 [ERROR] LogOutputStream:75 - [STDERR_REDIRECT] 2024-07-29 20:20:44.018:INFO :oejs.Server:Worker-36: Jetty Service: Started Server@58f11b82{STARTING}[10.0.20,sto=0] @1890843ms
2024-07-29 20:20:56,760 [ERROR] LogOutputStream:75 - [STDERR_REDIRECT] Jul 29, 2024 8:20:56 PM java.util.prefs.FileSystemPreferences checkLockFile0ErrorCode
2024-07-29 20:20:56,761 [ERROR] LogOutputStream:75 - [STDERR_REDIRECT] WARNING: Could not lock System prefs. Unix error code 1636299837.
2024-07-29 20:20:56,761 [ERROR] LogOutputStream:75 - [STDERR_REDIRECT] 
2024-07-29 20:20:56,761 [ERROR] LogOutputStream:75 - [STDERR_REDIRECT] Jul 29, 2024 8:20:56 PM java.util.prefs.FileSystemPreferences syncWorld
2024-07-29 20:20:56,762 [ERROR] LogOutputStream:75 - [STDERR_REDIRECT] WARNING: Couldn't flush system prefs: java.util.prefs.BackingStoreException: Couldn't get file lock.
2024-07-29 20:20:56,762 [ERROR] LogOutputStream:75 - [STDERR_REDIRECT] 
